[2022-06-27 22:39:42,336]trained model saved at :../train_model/model_pnet.pt
[2022-06-27 22:39:42,336]best model saved at :../best_model/model_pnet.pt
[2022-06-27 22:39:42,336]Epoch: 0001
[2022-06-27 22:39:49,211]iter:0020 loss_train: 2.9724 acc_train: 0.3281 time: 0.1768s
[2022-06-27 22:39:56,481]iter:0040 loss_train: 2.0114 acc_train: 0.5156 time: 0.1762s
[2022-06-27 22:40:03,622]iter:0060 loss_train: 2.0556 acc_train: 0.4062 time: 0.1774s
[2022-06-27 22:40:10,740]iter:0080 loss_train: 1.8557 acc_train: 0.5156 time: 0.1775s
[2022-06-27 22:40:17,944]iter:0100 loss_train: 1.8502 acc_train: 0.5781 time: 0.1776s
[2022-06-27 22:40:25,072]iter:0120 loss_train: 1.4549 acc_train: 0.5781 time: 0.1784s
[2022-06-27 22:40:32,678]iter:0140 loss_train: 1.3790 acc_train: 0.6406 time: 0.1774s
[2022-06-27 22:40:38,539]this epoch:
loss= 2.2470 accuracy= 0.4795
[2022-06-27 22:40:38,578]Epoch: 0002
[2022-06-27 22:40:46,293]iter:0020 loss_train: 1.0741 acc_train: 0.7188 time: 0.1786s
[2022-06-27 22:40:54,312]iter:0040 loss_train: 0.8488 acc_train: 0.7656 time: 0.1787s
[2022-06-27 22:41:02,626]iter:0060 loss_train: 1.1512 acc_train: 0.6719 time: 0.1842s
[2022-06-27 22:41:10,037]iter:0080 loss_train: 0.8379 acc_train: 0.7500 time: 0.1787s
[2022-06-27 22:41:18,464]iter:0100 loss_train: 1.1905 acc_train: 0.6094 time: 0.1785s
[2022-06-27 22:41:26,251]iter:0120 loss_train: 0.9047 acc_train: 0.7656 time: 0.2326s
[2022-06-27 22:41:34,029]iter:0140 loss_train: 0.8991 acc_train: 0.6875 time: 0.1972s
[2022-06-27 22:41:39,925]this epoch:
loss= 1.0899 accuracy= 0.6850
[2022-06-27 22:41:39,970]Epoch: 0003
[2022-06-27 22:41:47,605]iter:0020 loss_train: 0.6915 acc_train: 0.8438 time: 0.1988s
[2022-06-27 22:41:55,198]iter:0040 loss_train: 1.1697 acc_train: 0.6562 time: 0.1800s
[2022-06-27 22:42:03,164]iter:0060 loss_train: 0.7842 acc_train: 0.7812 time: 0.1799s
[2022-06-27 22:42:11,144]iter:0080 loss_train: 0.8107 acc_train: 0.7188 time: 0.1919s
[2022-06-27 22:42:18,933]iter:0100 loss_train: 1.1369 acc_train: 0.7031 time: 0.1834s
[2022-06-27 22:42:26,831]iter:0120 loss_train: 0.6383 acc_train: 0.7969 time: 0.1818s
[2022-06-27 22:42:34,625]iter:0140 loss_train: 0.9460 acc_train: 0.6875 time: 0.1801s
[2022-06-27 22:42:40,779]this epoch:
loss= 0.9010 accuracy= 0.7389
[2022-06-27 22:42:40,809]Epoch: 0004
[2022-06-27 22:42:48,568]iter:0020 loss_train: 0.8640 acc_train: 0.7188 time: 0.1909s
[2022-06-27 22:42:56,655]iter:0040 loss_train: 0.8162 acc_train: 0.7500 time: 0.1802s
[2022-06-27 22:43:06,555]trained model saved at :../train_model/model_pnet.pt
[2022-06-27 22:43:06,556]best model saved at :../best_model/model_pnet.pt
[2022-06-27 22:43:06,556]Epoch: 0001
[2022-06-27 22:43:14,294]iter:0020 loss_train: 1.9536 acc_train: 0.4219 time: 0.1868s
[2022-06-27 22:43:22,748]iter:0040 loss_train: 1.3838 acc_train: 0.6250 time: 0.1797s
[2022-06-27 22:43:30,424]iter:0060 loss_train: 1.4986 acc_train: 0.5781 time: 0.1799s
[2022-06-27 22:43:37,959]iter:0080 loss_train: 1.4109 acc_train: 0.6250 time: 0.1802s
[2022-06-27 22:43:46,026]iter:0100 loss_train: 1.0828 acc_train: 0.6406 time: 0.1795s
[2022-06-27 22:43:54,493]iter:0120 loss_train: 1.1270 acc_train: 0.7188 time: 0.1800s
[2022-06-27 22:44:02,661]iter:0140 loss_train: 0.8766 acc_train: 0.7656 time: 0.1978s
[2022-06-27 22:44:08,454]this epoch:
loss= 1.4632 accuracy= 0.5984
[2022-06-27 22:44:08,479]Epoch: 0002
[2022-06-27 22:44:16,432]iter:0020 loss_train: 0.7064 acc_train: 0.7656 time: 0.1802s
[2022-06-27 22:44:24,235]iter:0040 loss_train: 0.7139 acc_train: 0.7812 time: 0.1863s
[2022-06-27 22:44:32,190]iter:0060 loss_train: 0.9017 acc_train: 0.7188 time: 0.1800s
[2022-06-27 22:44:40,093]iter:0080 loss_train: 0.6039 acc_train: 0.7812 time: 0.1804s
[2022-06-27 22:44:47,816]iter:0100 loss_train: 0.7799 acc_train: 0.7500 time: 0.1800s
[2022-06-27 22:44:55,739]iter:0120 loss_train: 0.5582 acc_train: 0.8125 time: 0.1805s
[2022-06-27 22:45:03,527]iter:0140 loss_train: 0.6157 acc_train: 0.7969 time: 0.1803s
[2022-06-27 22:45:09,415]this epoch:
loss= 0.7813 accuracy= 0.7651
[2022-06-27 22:45:09,434]Epoch: 0003
[2022-06-27 22:45:16,903]iter:0020 loss_train: 0.5841 acc_train: 0.8906 time: 0.1802s
[2022-06-27 22:45:24,576]iter:0040 loss_train: 0.8458 acc_train: 0.7656 time: 0.2323s
[2022-06-27 22:45:33,039]iter:0060 loss_train: 0.6373 acc_train: 0.8125 time: 0.1913s
[2022-06-27 22:45:41,018]iter:0080 loss_train: 0.5680 acc_train: 0.8594 time: 0.1806s
[2022-06-27 22:45:48,885]iter:0100 loss_train: 0.9272 acc_train: 0.7344 time: 0.1803s
[2022-06-27 22:45:56,907]iter:0120 loss_train: 0.4998 acc_train: 0.7969 time: 0.1795s
[2022-06-27 22:46:05,208]iter:0140 loss_train: 0.7512 acc_train: 0.7812 time: 0.1842s
[2022-06-27 22:46:10,961]this epoch:
loss= 0.6293 accuracy= 0.8088
[2022-06-27 22:46:11,007]Epoch: 0004
[2022-06-27 22:46:18,293]iter:0020 loss_train: 0.6549 acc_train: 0.7656 time: 0.1823s
[2022-06-27 22:46:26,140]iter:0040 loss_train: 0.5120 acc_train: 0.8750 time: 0.1800s
[2022-06-27 22:46:33,687]iter:0060 loss_train: 0.6833 acc_train: 0.8125 time: 0.1802s
[2022-06-27 22:46:41,375]iter:0080 loss_train: 0.6182 acc_train: 0.7969 time: 0.1808s
[2022-06-27 22:46:49,215]iter:0100 loss_train: 0.6538 acc_train: 0.8125 time: 0.1866s
[2022-06-27 22:46:57,219]iter:0120 loss_train: 0.4472 acc_train: 0.8750 time: 0.1810s
[2022-06-27 22:47:05,244]iter:0140 loss_train: 0.5261 acc_train: 0.8281 time: 0.1805s
[2022-06-27 22:47:11,855]this epoch:
loss= 0.5765 accuracy= 0.8259
[2022-06-27 22:47:11,979]Epoch: 0005
[2022-06-27 22:47:19,513]iter:0020 loss_train: 0.5895 acc_train: 0.8125 time: 0.1808s
[2022-06-27 22:47:27,678]iter:0040 loss_train: 0.4401 acc_train: 0.8750 time: 0.1800s
[2022-06-27 22:47:35,649]iter:0060 loss_train: 0.4128 acc_train: 0.9062 time: 0.1809s
[2022-06-27 22:47:43,750]iter:0080 loss_train: 0.5747 acc_train: 0.8125 time: 0.1807s
[2022-06-27 22:47:51,435]iter:0100 loss_train: 0.6929 acc_train: 0.8125 time: 0.1983s
[2022-06-27 22:47:59,324]iter:0120 loss_train: 0.6946 acc_train: 0.7969 time: 0.1801s
[2022-06-27 22:48:06,932]iter:0140 loss_train: 0.4604 acc_train: 0.8906 time: 0.1804s
[2022-06-27 22:48:12,477]this epoch:
loss= 0.5287 accuracy= 0.8384
[2022-06-27 22:48:12,517]Epoch: 0006
[2022-06-27 22:48:20,757]iter:0020 loss_train: 0.5832 acc_train: 0.7812 time: 0.1803s
[2022-06-27 22:48:28,269]iter:0040 loss_train: 0.2878 acc_train: 0.9219 time: 0.1799s
[2022-06-27 22:48:35,278]iter:0060 loss_train: 0.3438 acc_train: 0.8906 time: 0.1810s
[2022-06-27 22:48:42,367]iter:0080 loss_train: 0.3773 acc_train: 0.9375 time: 0.1806s
[2022-06-27 22:48:49,373]iter:0100 loss_train: 0.4596 acc_train: 0.8438 time: 0.1811s
[2022-06-27 22:48:56,430]iter:0120 loss_train: 0.3622 acc_train: 0.8906 time: 0.1809s
[2022-06-27 22:49:03,475]iter:0140 loss_train: 0.4707 acc_train: 0.8438 time: 0.1811s
[2022-06-27 22:49:08,652]this epoch:
loss= 0.5144 accuracy= 0.8455
[2022-06-27 22:49:08,673]Epoch: 0007
[2022-06-27 22:49:15,369]iter:0020 loss_train: 0.7366 acc_train: 0.7812 time: 0.1809s
[2022-06-27 22:49:22,432]iter:0040 loss_train: 0.2597 acc_train: 0.9062 time: 0.1809s
[2022-06-27 22:49:29,487]iter:0060 loss_train: 0.5353 acc_train: 0.8281 time: 0.1811s
[2022-06-27 22:49:36,491]iter:0080 loss_train: 0.7001 acc_train: 0.7969 time: 0.1807s
[2022-06-27 22:49:43,505]iter:0100 loss_train: 0.5619 acc_train: 0.7656 time: 0.1805s
[2022-06-27 22:49:50,509]iter:0120 loss_train: 0.4179 acc_train: 0.8750 time: 0.1801s
[2022-06-27 22:49:57,542]iter:0140 loss_train: 0.3934 acc_train: 0.8438 time: 0.1803s
[2022-06-27 22:50:02,772]this epoch:
loss= 0.4869 accuracy= 0.8491
[2022-06-27 22:50:02,799]Epoch: 0008
[2022-06-27 22:50:09,508]iter:0020 loss_train: 0.5092 acc_train: 0.8281 time: 0.1807s
[2022-06-27 22:50:16,553]iter:0040 loss_train: 0.3827 acc_train: 0.8438 time: 0.1806s
[2022-06-27 22:50:23,603]iter:0060 loss_train: 0.4386 acc_train: 0.8438 time: 0.1808s
[2022-06-27 22:50:31,105]iter:0080 loss_train: 0.4362 acc_train: 0.9219 time: 0.1806s
[2022-06-27 22:50:38,135]iter:0100 loss_train: 0.6121 acc_train: 0.8125 time: 0.1804s
[2022-06-27 22:50:45,256]iter:0120 loss_train: 0.4126 acc_train: 0.9062 time: 0.1826s
[2022-06-27 22:50:52,265]iter:0140 loss_train: 0.3999 acc_train: 0.8750 time: 0.1849s
[2022-06-27 22:50:57,567]this epoch:
loss= 0.4547 accuracy= 0.8559
[2022-06-27 22:50:57,588]Epoch: 0009
[2022-06-27 22:51:04,258]iter:0020 loss_train: 0.6159 acc_train: 0.7969 time: 0.1809s
[2022-06-27 22:51:11,252]iter:0040 loss_train: 0.4967 acc_train: 0.8594 time: 0.1806s
[2022-06-27 22:51:18,228]iter:0060 loss_train: 0.5087 acc_train: 0.8125 time: 0.1804s
[2022-06-27 22:51:25,338]iter:0080 loss_train: 0.3443 acc_train: 0.8906 time: 0.1808s
[2022-06-27 22:51:32,341]iter:0100 loss_train: 0.2111 acc_train: 0.9219 time: 0.1807s
[2022-06-27 22:51:39,398]iter:0120 loss_train: 0.3232 acc_train: 0.9219 time: 0.1811s
[2022-06-27 22:51:46,405]iter:0140 loss_train: 0.3461 acc_train: 0.8594 time: 0.1801s
[2022-06-27 22:51:51,609]this epoch:
loss= 0.4439 accuracy= 0.8620
[2022-06-27 22:51:51,629]Epoch: 0010
[2022-06-27 22:51:58,295]iter:0020 loss_train: 0.4434 acc_train: 0.8750 time: 0.1801s
[2022-06-27 22:52:05,364]iter:0040 loss_train: 0.4373 acc_train: 0.8750 time: 0.1806s
[2022-06-27 22:52:12,514]iter:0060 loss_train: 0.4014 acc_train: 0.8906 time: 0.1804s
[2022-06-27 22:52:19,549]iter:0080 loss_train: 0.3800 acc_train: 0.9062 time: 0.1808s
[2022-06-27 22:52:26,546]iter:0100 loss_train: 0.5816 acc_train: 0.7969 time: 0.1807s
[2022-06-27 22:52:33,544]iter:0120 loss_train: 0.5053 acc_train: 0.8281 time: 0.1808s
[2022-06-27 22:52:40,565]iter:0140 loss_train: 0.4442 acc_train: 0.8281 time: 0.1805s
[2022-06-27 22:52:45,778]this epoch:
loss= 0.4331 accuracy= 0.8677
[2022-06-27 22:52:45,798]Epoch: 0011
[2022-06-27 22:52:52,523]iter:0020 loss_train: 0.4364 acc_train: 0.8594 time: 0.1869s
[2022-06-27 22:52:59,541]iter:0040 loss_train: 0.2889 acc_train: 0.9375 time: 0.1799s
[2022-06-27 22:53:06,670]iter:0060 loss_train: 0.4603 acc_train: 0.8594 time: 0.1808s
[2022-06-27 22:53:13,718]iter:0080 loss_train: 0.5586 acc_train: 0.8281 time: 0.1801s
[2022-06-27 22:53:20,709]iter:0100 loss_train: 0.3046 acc_train: 0.8906 time: 0.1845s
[2022-06-27 22:53:27,736]iter:0120 loss_train: 0.4647 acc_train: 0.8281 time: 0.1806s
[2022-06-27 22:53:34,738]iter:0140 loss_train: 0.6091 acc_train: 0.8281 time: 0.1806s
[2022-06-27 22:53:39,959]this epoch:
loss= 0.4197 accuracy= 0.8704
[2022-06-27 22:53:39,979]Epoch: 0012
[2022-06-27 22:53:46,769]iter:0020 loss_train: 0.4295 acc_train: 0.8750 time: 0.1814s
[2022-06-27 22:53:53,790]iter:0040 loss_train: 0.4015 acc_train: 0.8594 time: 0.1804s
[2022-06-27 22:54:00,823]iter:0060 loss_train: 0.2464 acc_train: 0.9219 time: 0.1805s
[2022-06-27 22:54:07,922]iter:0080 loss_train: 0.5067 acc_train: 0.8125 time: 0.1805s
[2022-06-27 22:54:14,925]iter:0100 loss_train: 0.3645 acc_train: 0.8750 time: 0.1803s
[2022-06-27 22:54:21,938]iter:0120 loss_train: 0.4689 acc_train: 0.8906 time: 0.1801s
[2022-06-27 22:54:28,951]iter:0140 loss_train: 0.1845 acc_train: 0.9375 time: 0.1818s
[2022-06-27 22:54:34,135]this epoch:
loss= 0.4052 accuracy= 0.8757
[2022-06-27 22:54:34,154]Epoch: 0013
[2022-06-27 22:54:40,901]iter:0020 loss_train: 0.3484 acc_train: 0.8906 time: 0.1800s
[2022-06-27 22:54:47,912]iter:0040 loss_train: 0.5306 acc_train: 0.8125 time: 0.1797s
[2022-06-27 22:54:54,948]iter:0060 loss_train: 0.5142 acc_train: 0.8438 time: 0.1799s
[2022-06-27 22:55:02,352]iter:0080 loss_train: 0.3557 acc_train: 0.8594 time: 0.1806s
[2022-06-27 22:55:09,331]iter:0100 loss_train: 0.5099 acc_train: 0.8594 time: 0.1804s
[2022-06-27 22:55:16,350]iter:0120 loss_train: 0.2428 acc_train: 0.9531 time: 0.1806s
[2022-06-27 22:55:23,344]iter:0140 loss_train: 0.4129 acc_train: 0.8438 time: 0.1805s
[2022-06-27 22:55:28,517]this epoch:
loss= 0.3888 accuracy= 0.8812
[2022-06-27 22:55:28,538]Epoch: 0014
[2022-06-27 22:55:35,213]iter:0020 loss_train: 0.4486 acc_train: 0.8906 time: 0.1804s
[2022-06-27 22:55:42,297]iter:0040 loss_train: 0.3204 acc_train: 0.9062 time: 0.1804s
[2022-06-27 22:55:49,324]iter:0060 loss_train: 0.2596 acc_train: 0.9219 time: 0.1804s
[2022-06-27 22:55:56,404]iter:0080 loss_train: 0.2023 acc_train: 0.9375 time: 0.1807s
[2022-06-27 22:56:03,462]iter:0100 loss_train: 0.4161 acc_train: 0.8750 time: 0.1806s
[2022-06-27 22:56:10,482]iter:0120 loss_train: 0.4178 acc_train: 0.9062 time: 0.1807s
[2022-06-27 22:56:17,511]iter:0140 loss_train: 0.5476 acc_train: 0.8125 time: 0.1801s
[2022-06-27 22:56:22,720]this epoch:
loss= 0.3749 accuracy= 0.8814
[2022-06-27 22:56:22,740]Epoch: 0015
[2022-06-27 22:56:29,539]iter:0020 loss_train: 0.4227 acc_train: 0.8906 time: 0.1801s
[2022-06-27 22:56:36,611]iter:0040 loss_train: 0.5109 acc_train: 0.8438 time: 0.1803s
[2022-06-27 22:56:43,725]iter:0060 loss_train: 0.2757 acc_train: 0.9375 time: 0.1806s
[2022-06-27 22:56:50,757]iter:0080 loss_train: 0.2682 acc_train: 0.9375 time: 0.1801s
[2022-06-27 22:56:57,748]iter:0100 loss_train: 0.3299 acc_train: 0.9062 time: 0.1800s
[2022-06-27 22:57:04,815]iter:0120 loss_train: 0.4943 acc_train: 0.8281 time: 0.1807s
[2022-06-27 22:57:11,888]iter:0140 loss_train: 0.3445 acc_train: 0.8750 time: 0.1803s
[2022-06-27 22:57:17,129]this epoch:
loss= 0.3677 accuracy= 0.8834
[2022-06-27 22:57:17,150]Epoch: 0016
[2022-06-27 22:57:23,913]iter:0020 loss_train: 0.5165 acc_train: 0.8125 time: 0.1805s
[2022-06-27 22:57:30,905]iter:0040 loss_train: 0.4129 acc_train: 0.8906 time: 0.1799s
[2022-06-27 22:57:37,970]iter:0060 loss_train: 0.3603 acc_train: 0.8750 time: 0.1801s
[2022-06-27 22:57:44,976]iter:0080 loss_train: 0.3725 acc_train: 0.8594 time: 0.1813s
[2022-06-27 22:57:51,951]iter:0100 loss_train: 0.3969 acc_train: 0.8594 time: 0.1806s
[2022-06-27 22:57:59,027]iter:0120 loss_train: 0.4494 acc_train: 0.8438 time: 0.1803s
[2022-06-27 22:58:06,031]iter:0140 loss_train: 0.3651 acc_train: 0.8594 time: 0.1806s
[2022-06-27 22:58:11,209]this epoch:
loss= 0.3776 accuracy= 0.8790
[2022-06-27 22:58:11,228]Epoch: 0017
[2022-06-27 22:58:17,907]iter:0020 loss_train: 0.1970 acc_train: 0.9375 time: 0.1804s
[2022-06-27 22:58:24,936]iter:0040 loss_train: 0.2000 acc_train: 0.9219 time: 0.1804s
[2022-06-27 22:58:31,959]iter:0060 loss_train: 0.2089 acc_train: 0.9219 time: 0.1832s
[2022-06-27 22:58:39,051]iter:0080 loss_train: 0.2518 acc_train: 0.9375 time: 0.1804s
[2022-06-27 22:58:46,228]iter:0100 loss_train: 0.3244 acc_train: 0.9219 time: 0.1805s
[2022-06-27 22:58:53,622]iter:0120 loss_train: 0.2184 acc_train: 0.9531 time: 0.1806s
[2022-06-27 22:59:00,624]iter:0140 loss_train: 0.2252 acc_train: 0.9062 time: 0.1807s
[2022-06-27 22:59:05,944]this epoch:
loss= 0.3102 accuracy= 0.9004
[2022-06-27 22:59:05,965]Epoch: 0018
[2022-06-27 22:59:12,763]iter:0020 loss_train: 0.3641 acc_train: 0.8594 time: 0.1799s
[2022-06-27 22:59:19,916]iter:0040 loss_train: 0.3036 acc_train: 0.8594 time: 0.1804s
[2022-06-27 22:59:26,897]iter:0060 loss_train: 0.2514 acc_train: 0.9531 time: 0.1804s
[2022-06-27 22:59:33,934]iter:0080 loss_train: 0.2907 acc_train: 0.9062 time: 0.1810s
[2022-06-27 22:59:40,987]iter:0100 loss_train: 0.2415 acc_train: 0.9062 time: 0.1805s
[2022-06-27 22:59:48,027]iter:0120 loss_train: 0.2051 acc_train: 0.9688 time: 0.1808s
[2022-06-27 22:59:55,136]iter:0140 loss_train: 0.1928 acc_train: 0.9531 time: 0.1802s
[2022-06-27 23:00:00,295]this epoch:
loss= 0.2796 accuracy= 0.9089
[2022-06-27 23:00:00,317]Epoch: 0019
[2022-06-27 23:00:07,024]iter:0020 loss_train: 0.3632 acc_train: 0.8125 time: 0.1802s
[2022-06-27 23:00:14,060]iter:0040 loss_train: 0.2758 acc_train: 0.9219 time: 0.1806s
[2022-06-27 23:00:21,142]iter:0060 loss_train: 0.2797 acc_train: 0.9375 time: 0.1809s
[2022-06-27 23:00:28,277]iter:0080 loss_train: 0.2053 acc_train: 0.9219 time: 0.1809s
[2022-06-27 23:00:35,329]iter:0100 loss_train: 0.2394 acc_train: 0.9219 time: 0.1809s
[2022-06-27 23:00:42,355]iter:0120 loss_train: 0.2400 acc_train: 0.8750 time: 0.1802s
[2022-06-27 23:00:49,370]iter:0140 loss_train: 0.2282 acc_train: 0.9375 time: 0.1800s
[2022-06-27 23:00:54,579]this epoch:
loss= 0.2707 accuracy= 0.9143
[2022-06-27 23:00:54,617]Epoch: 0020
[2022-06-27 23:01:01,346]iter:0020 loss_train: 0.2352 acc_train: 0.9062 time: 0.1807s
[2022-06-27 23:01:08,338]iter:0040 loss_train: 0.1670 acc_train: 0.9375 time: 0.1801s
[2022-06-27 23:01:15,455]iter:0060 loss_train: 0.3128 acc_train: 0.9219 time: 0.1802s
[2022-06-27 23:01:22,613]iter:0080 loss_train: 0.3458 acc_train: 0.8906 time: 0.1808s
[2022-06-27 23:01:29,648]iter:0100 loss_train: 0.1534 acc_train: 0.9688 time: 0.1804s
[2022-06-27 23:01:36,681]iter:0120 loss_train: 0.2057 acc_train: 0.9062 time: 0.1801s
[2022-06-27 23:01:43,672]iter:0140 loss_train: 0.3192 acc_train: 0.9219 time: 0.1805s
[2022-06-27 23:01:48,869]this epoch:
loss= 0.2668 accuracy= 0.9132
[2022-06-27 23:01:48,895]Epoch: 0021
[2022-06-27 23:01:55,701]iter:0020 loss_train: 0.0857 acc_train: 0.9844 time: 0.1808s
[2022-06-27 23:02:02,714]iter:0040 loss_train: 0.1848 acc_train: 0.9375 time: 0.1804s
[2022-06-27 23:02:09,711]iter:0060 loss_train: 0.3063 acc_train: 0.8906 time: 0.1811s
[2022-06-27 23:02:16,795]iter:0080 loss_train: 0.1645 acc_train: 0.9219 time: 0.1804s
[2022-06-27 23:02:23,949]iter:0100 loss_train: 0.2126 acc_train: 0.9531 time: 0.1807s
[2022-06-27 23:02:30,937]iter:0120 loss_train: 0.2547 acc_train: 0.9219 time: 0.1804s
[2022-06-27 23:02:37,980]iter:0140 loss_train: 0.1675 acc_train: 0.9688 time: 0.1801s
[2022-06-27 23:02:43,162]this epoch:
loss= 0.2571 accuracy= 0.9191
[2022-06-27 23:02:43,184]Epoch: 0022
[2022-06-27 23:02:49,888]iter:0020 loss_train: 0.3052 acc_train: 0.9062 time: 0.1801s
[2022-06-27 23:02:56,919]iter:0040 loss_train: 0.3161 acc_train: 0.9219 time: 0.1803s
[2022-06-27 23:03:03,949]iter:0060 loss_train: 0.2338 acc_train: 0.9062 time: 0.1805s
[2022-06-27 23:03:10,994]iter:0080 loss_train: 0.2521 acc_train: 0.9219 time: 0.1804s
[2022-06-27 23:03:18,030]iter:0100 loss_train: 0.2423 acc_train: 0.9219 time: 0.1805s
[2022-06-27 23:03:25,162]iter:0120 loss_train: 0.2241 acc_train: 0.9219 time: 0.1799s
[2022-06-27 23:03:32,170]iter:0140 loss_train: 0.2302 acc_train: 0.9375 time: 0.1801s
[2022-06-27 23:03:37,343]this epoch:
loss= 0.2492 accuracy= 0.9191
[2022-06-27 23:03:37,366]Epoch: 0023
[2022-06-27 23:03:44,168]iter:0020 loss_train: 0.3685 acc_train: 0.9219 time: 0.1804s
[2022-06-27 23:03:51,461]iter:0040 loss_train: 0.3001 acc_train: 0.9219 time: 0.1800s
[2022-06-27 23:03:58,489]iter:0060 loss_train: 0.2442 acc_train: 0.8906 time: 0.1806s
[2022-06-27 23:04:05,594]iter:0080 loss_train: 0.2308 acc_train: 0.9219 time: 0.1803s
[2022-06-27 23:04:12,567]iter:0100 loss_train: 0.2570 acc_train: 0.9219 time: 0.1804s
[2022-06-27 23:04:19,534]iter:0120 loss_train: 0.2625 acc_train: 0.9375 time: 0.1804s
[2022-06-27 23:04:26,506]iter:0140 loss_train: 0.1838 acc_train: 0.9688 time: 0.1805s
[2022-06-27 23:04:31,664]this epoch:
loss= 0.2425 accuracy= 0.9228
[2022-06-27 23:04:31,686]Epoch: 0024
[2022-06-27 23:04:38,396]iter:0020 loss_train: 0.2599 acc_train: 0.9062 time: 0.1802s
[2022-06-27 23:04:45,497]iter:0040 loss_train: 0.2414 acc_train: 0.9375 time: 0.1802s
[2022-06-27 23:04:52,612]iter:0060 loss_train: 0.2964 acc_train: 0.8750 time: 0.1803s
[2022-06-27 23:04:59,645]iter:0080 loss_train: 0.3747 acc_train: 0.8281 time: 0.1804s
[2022-06-27 23:05:06,677]iter:0100 loss_train: 0.2289 acc_train: 0.9375 time: 0.1807s
[2022-06-27 23:05:13,662]iter:0120 loss_train: 0.1591 acc_train: 0.9531 time: 0.1802s
[2022-06-27 23:05:20,616]iter:0140 loss_train: 0.1390 acc_train: 0.9688 time: 0.1806s
[2022-06-27 23:05:25,778]this epoch:
loss= 0.2469 accuracy= 0.9204
[2022-06-27 23:05:25,799]Epoch: 0025
[2022-06-27 23:05:32,587]iter:0020 loss_train: 0.2603 acc_train: 0.9219 time: 0.1801s
[2022-06-27 23:05:39,827]iter:0040 loss_train: 0.1703 acc_train: 0.9375 time: 0.1803s
[2022-06-27 23:05:47,035]iter:0060 loss_train: 0.1635 acc_train: 0.9531 time: 0.1808s
[2022-06-27 23:05:54,128]iter:0080 loss_train: 0.2611 acc_train: 0.8906 time: 0.1799s
[2022-06-27 23:06:01,141]iter:0100 loss_train: 0.1056 acc_train: 0.9844 time: 0.1799s
[2022-06-27 23:06:08,326]iter:0120 loss_train: 0.2379 acc_train: 0.9062 time: 0.1806s
[2022-06-27 23:06:15,621]iter:0140 loss_train: 0.2710 acc_train: 0.9062 time: 0.1802s
[2022-06-27 23:06:20,892]this epoch:
loss= 0.2363 accuracy= 0.9242
[2022-06-27 23:06:20,913]Epoch: 0026
[2022-06-27 23:06:27,763]iter:0020 loss_train: 0.2431 acc_train: 0.9219 time: 0.1807s
[2022-06-27 23:06:34,841]iter:0040 loss_train: 0.2252 acc_train: 0.9688 time: 0.1801s
[2022-06-27 23:06:42,030]iter:0060 loss_train: 0.3295 acc_train: 0.8750 time: 0.1806s
[2022-06-27 23:06:49,148]iter:0080 loss_train: 0.1678 acc_train: 0.9375 time: 0.1801s
[2022-06-27 23:06:56,382]iter:0100 loss_train: 0.1608 acc_train: 0.9531 time: 0.1805s
[2022-06-27 23:07:03,425]iter:0120 loss_train: 0.4438 acc_train: 0.8438 time: 0.1799s
[2022-06-27 23:07:10,594]iter:0140 loss_train: 0.1780 acc_train: 0.9531 time: 0.1807s
[2022-06-27 23:07:15,844]this epoch:
loss= 0.2297 accuracy= 0.9272
[2022-06-27 23:07:15,866]Epoch: 0027
[2022-06-27 23:07:22,768]iter:0020 loss_train: 0.1809 acc_train: 0.9375 time: 0.1805s
[2022-06-27 23:07:29,803]iter:0040 loss_train: 0.1881 acc_train: 0.9531 time: 0.1804s
[2022-06-27 23:07:36,880]iter:0060 loss_train: 0.1420 acc_train: 0.9531 time: 0.1804s
[2022-06-27 23:07:44,005]iter:0080 loss_train: 0.2786 acc_train: 0.9375 time: 0.1803s
[2022-06-27 23:07:51,376]iter:0100 loss_train: 0.1560 acc_train: 0.9531 time: 0.1807s
[2022-06-27 23:07:58,497]iter:0120 loss_train: 0.4282 acc_train: 0.8281 time: 0.1806s
[2022-06-27 23:08:06,100]iter:0140 loss_train: 0.1527 acc_train: 0.9688 time: 0.1809s
[2022-06-27 23:08:11,394]this epoch:
loss= 0.2292 accuracy= 0.9256
[2022-06-27 23:08:11,426]Epoch: 0028
[2022-06-27 23:08:18,258]iter:0020 loss_train: 0.2260 acc_train: 0.9375 time: 0.1804s
[2022-06-27 23:08:25,370]iter:0040 loss_train: 0.1965 acc_train: 0.9531 time: 0.1798s
[2022-06-27 23:08:32,643]iter:0060 loss_train: 0.3197 acc_train: 0.9062 time: 0.1807s
[2022-06-27 23:08:39,804]iter:0080 loss_train: 0.3117 acc_train: 0.8750 time: 0.1812s
[2022-06-27 23:08:46,916]iter:0100 loss_train: 0.3838 acc_train: 0.8750 time: 0.1805s
[2022-06-27 23:08:53,968]iter:0120 loss_train: 0.1246 acc_train: 0.9688 time: 0.1802s
[2022-06-27 23:09:00,988]iter:0140 loss_train: 0.4875 acc_train: 0.8594 time: 0.1807s
[2022-06-27 23:09:06,281]this epoch:
loss= 0.2247 accuracy= 0.9289
[2022-06-27 23:09:06,303]Epoch: 0029
[2022-06-27 23:09:13,091]iter:0020 loss_train: 0.1795 acc_train: 0.9531 time: 0.1839s
[2022-06-27 23:09:20,339]iter:0040 loss_train: 0.1224 acc_train: 0.9688 time: 0.1807s
[2022-06-27 23:09:27,469]iter:0060 loss_train: 0.1905 acc_train: 0.9375 time: 0.1805s
[2022-06-27 23:09:34,652]iter:0080 loss_train: 0.2041 acc_train: 0.9219 time: 0.1799s
[2022-06-27 23:09:41,875]iter:0100 loss_train: 0.1899 acc_train: 0.9062 time: 0.1802s
[2022-06-27 23:09:49,026]iter:0120 loss_train: 0.2194 acc_train: 0.9219 time: 0.1805s
[2022-06-27 23:09:56,099]iter:0140 loss_train: 0.1727 acc_train: 0.9688 time: 0.1804s
[2022-06-27 23:10:01,366]this epoch:
loss= 0.2215 accuracy= 0.9312
[2022-06-27 23:10:01,385]Epoch: 0030
[2022-06-27 23:10:08,323]iter:0020 loss_train: 0.2950 acc_train: 0.9219 time: 0.1802s
[2022-06-27 23:10:15,514]iter:0040 loss_train: 0.1815 acc_train: 0.9688 time: 0.1801s
[2022-06-27 23:10:22,651]iter:0060 loss_train: 0.2559 acc_train: 0.9219 time: 0.1804s
[2022-06-27 23:10:29,835]iter:0080 loss_train: 0.3558 acc_train: 0.8594 time: 0.1803s
[2022-06-27 23:10:37,078]iter:0100 loss_train: 0.3618 acc_train: 0.9062 time: 0.1806s
[2022-06-27 23:10:44,289]iter:0120 loss_train: 0.2165 acc_train: 0.9219 time: 0.1803s
[2022-06-27 23:10:51,462]iter:0140 loss_train: 0.2783 acc_train: 0.9062 time: 0.1798s
[2022-06-27 23:10:56,728]this epoch:
loss= 0.2240 accuracy= 0.9298
[2022-06-27 23:10:56,750]Epoch: 0031
[2022-06-27 23:11:03,573]iter:0020 loss_train: 0.1802 acc_train: 0.9531 time: 0.1801s
[2022-06-27 23:11:10,711]iter:0040 loss_train: 0.0873 acc_train: 0.9844 time: 0.1803s
[2022-06-27 23:11:17,769]iter:0060 loss_train: 0.3045 acc_train: 0.9062 time: 0.1810s
[2022-06-27 23:11:25,134]iter:0080 loss_train: 0.2298 acc_train: 0.9219 time: 0.1807s
[2022-06-27 23:11:32,335]iter:0100 loss_train: 0.2517 acc_train: 0.9531 time: 0.1804s
[2022-06-27 23:11:39,396]iter:0120 loss_train: 0.2607 acc_train: 0.8906 time: 0.1801s
[2022-06-27 23:11:46,520]iter:0140 loss_train: 0.3530 acc_train: 0.8906 time: 0.1801s
[2022-06-27 23:11:51,733]this epoch:
loss= 0.2156 accuracy= 0.9299
[2022-06-27 23:11:51,754]Epoch: 0032
[2022-06-27 23:11:58,653]iter:0020 loss_train: 0.1203 acc_train: 0.9688 time: 0.1805s
[2022-06-27 23:12:05,927]iter:0040 loss_train: 0.2166 acc_train: 0.9062 time: 0.1800s
[2022-06-27 23:12:13,204]iter:0060 loss_train: 0.2035 acc_train: 0.9219 time: 0.1802s
[2022-06-27 23:12:20,336]iter:0080 loss_train: 0.3515 acc_train: 0.8438 time: 0.1796s
[2022-06-27 23:12:27,417]iter:0100 loss_train: 0.2592 acc_train: 0.9062 time: 0.1805s
[2022-06-27 23:12:34,546]iter:0120 loss_train: 0.2813 acc_train: 0.9375 time: 0.1804s
[2022-06-27 23:12:41,753]iter:0140 loss_train: 0.2105 acc_train: 0.9375 time: 0.1802s
[2022-06-27 23:12:47,035]this epoch:
loss= 0.2076 accuracy= 0.9352
[2022-06-27 23:12:47,057]Epoch: 0033
[2022-06-27 23:12:53,879]iter:0020 loss_train: 0.1395 acc_train: 0.9531 time: 0.1806s
[2022-06-27 23:13:01,065]iter:0040 loss_train: 0.2480 acc_train: 0.9062 time: 0.1802s
[2022-06-27 23:13:08,237]iter:0060 loss_train: 0.3795 acc_train: 0.8750 time: 0.1808s
[2022-06-27 23:13:15,353]iter:0080 loss_train: 0.1187 acc_train: 0.9688 time: 0.1800s
[2022-06-27 23:13:22,566]iter:0100 loss_train: 0.3488 acc_train: 0.8594 time: 0.1802s
[2022-06-27 23:13:29,642]iter:0120 loss_train: 0.2678 acc_train: 0.9062 time: 0.1810s
[2022-06-27 23:13:36,813]iter:0140 loss_train: 0.2109 acc_train: 0.9219 time: 0.1798s
[2022-06-27 23:13:42,145]this epoch:
loss= 0.2046 accuracy= 0.9335
[2022-06-27 23:13:42,165]Epoch: 0034
[2022-06-27 23:13:49,004]iter:0020 loss_train: 0.1990 acc_train: 0.9531 time: 0.1801s
[2022-06-27 23:13:56,140]iter:0040 loss_train: 0.1656 acc_train: 0.9688 time: 0.1802s
[2022-06-27 23:14:03,355]iter:0060 loss_train: 0.1975 acc_train: 0.9375 time: 0.1808s
[2022-06-27 23:14:10,409]iter:0080 loss_train: 0.1252 acc_train: 0.9531 time: 0.1804s
[2022-06-27 23:14:17,453]iter:0100 loss_train: 0.1868 acc_train: 0.9531 time: 0.1800s
[2022-06-27 23:14:24,505]iter:0120 loss_train: 0.1412 acc_train: 0.9844 time: 0.1807s
[2022-06-27 23:14:31,612]iter:0140 loss_train: 0.2000 acc_train: 0.9219 time: 0.1800s
[2022-06-27 23:14:37,048]this epoch:
loss= 0.2077 accuracy= 0.9352
[2022-06-27 23:14:37,070]Epoch: 0035
[2022-06-27 23:14:44,083]iter:0020 loss_train: 0.1857 acc_train: 0.9375 time: 0.1802s
[2022-06-27 23:14:51,215]iter:0040 loss_train: 0.2433 acc_train: 0.9219 time: 0.1805s
[2022-06-27 23:14:58,308]iter:0060 loss_train: 0.1879 acc_train: 0.9375 time: 0.1807s
[2022-06-27 23:15:05,538]iter:0080 loss_train: 0.1698 acc_train: 0.9844 time: 0.1960s
[2022-06-27 23:15:12,671]iter:0100 loss_train: 0.2261 acc_train: 0.9219 time: 0.1804s
[2022-06-27 23:15:19,823]iter:0120 loss_train: 0.2055 acc_train: 0.9375 time: 0.1808s
[2022-06-27 23:15:26,939]iter:0140 loss_train: 0.2769 acc_train: 0.9219 time: 0.1805s
[2022-06-27 23:15:32,186]this epoch:
loss= 0.2026 accuracy= 0.9342
[2022-06-27 23:15:32,206]Epoch: 0036
[2022-06-27 23:15:39,122]iter:0020 loss_train: 0.1421 acc_train: 0.9688 time: 0.1807s
[2022-06-27 23:15:46,354]iter:0040 loss_train: 0.2962 acc_train: 0.9219 time: 0.1812s
[2022-06-27 23:15:53,597]iter:0060 loss_train: 0.2350 acc_train: 0.9375 time: 0.1808s
[2022-06-27 23:16:00,820]iter:0080 loss_train: 0.2257 acc_train: 0.9531 time: 0.1806s
[2022-06-27 23:16:07,928]iter:0100 loss_train: 0.1785 acc_train: 0.9375 time: 0.1801s
[2022-06-27 23:16:15,004]iter:0120 loss_train: 0.1997 acc_train: 0.9219 time: 0.1804s
[2022-06-27 23:16:22,134]iter:0140 loss_train: 0.2250 acc_train: 0.9375 time: 0.1803s
[2022-06-27 23:16:27,381]this epoch:
loss= 0.2048 accuracy= 0.9358
[2022-06-27 23:16:27,403]Epoch: 0037
[2022-06-27 23:16:34,198]iter:0020 loss_train: 0.2101 acc_train: 0.9531 time: 0.1800s
[2022-06-27 23:16:41,390]iter:0040 loss_train: 0.2620 acc_train: 0.9219 time: 0.1807s
[2022-06-27 23:16:48,543]iter:0060 loss_train: 0.2028 acc_train: 0.9219 time: 0.1800s
[2022-06-27 23:16:55,684]iter:0080 loss_train: 0.2273 acc_train: 0.9219 time: 0.1800s
[2022-06-27 23:17:02,852]iter:0100 loss_train: 0.1659 acc_train: 0.9219 time: 0.1811s
[2022-06-27 23:17:10,259]iter:0120 loss_train: 0.1889 acc_train: 0.9531 time: 0.1800s
[2022-06-27 23:17:17,556]iter:0140 loss_train: 0.1969 acc_train: 0.9375 time: 0.1798s
[2022-06-27 23:17:22,810]this epoch:
loss= 0.2094 accuracy= 0.9316
[2022-06-27 23:17:22,831]Epoch: 0038
[2022-06-27 23:17:29,689]iter:0020 loss_train: 0.2995 acc_train: 0.8906 time: 0.1801s
[2022-06-27 23:17:36,883]iter:0040 loss_train: 0.2221 acc_train: 0.9531 time: 0.1801s
[2022-06-27 23:17:44,177]iter:0060 loss_train: 0.1680 acc_train: 0.9531 time: 0.1808s
[2022-06-27 23:17:51,536]iter:0080 loss_train: 0.3487 acc_train: 0.8750 time: 0.1804s
[2022-06-27 23:17:58,712]iter:0100 loss_train: 0.2031 acc_train: 0.8906 time: 0.1805s
[2022-06-27 23:18:05,991]iter:0120 loss_train: 0.1888 acc_train: 0.9062 time: 0.1806s
[2022-06-27 23:18:13,097]iter:0140 loss_train: 0.1768 acc_train: 0.9688 time: 0.1803s
[2022-06-27 23:18:18,452]this epoch:
loss= 0.2043 accuracy= 0.9349
[2022-06-27 23:18:18,472]Epoch: 0039
[2022-06-27 23:18:25,326]iter:0020 loss_train: 0.1402 acc_train: 0.9688 time: 0.1804s
[2022-06-27 23:18:32,422]iter:0040 loss_train: 0.1301 acc_train: 0.9688 time: 0.1797s
[2022-06-27 23:18:39,536]iter:0060 loss_train: 0.1902 acc_train: 0.9688 time: 0.1806s
[2022-06-27 23:18:46,669]iter:0080 loss_train: 0.2332 acc_train: 0.9219 time: 0.1805s
[2022-06-27 23:18:53,941]iter:0100 loss_train: 0.1556 acc_train: 0.9844 time: 0.1798s
[2022-06-27 23:19:01,105]iter:0120 loss_train: 0.1132 acc_train: 0.9844 time: 0.1800s
[2022-06-27 23:19:08,476]iter:0140 loss_train: 0.3188 acc_train: 0.9062 time: 0.1805s
[2022-06-27 23:19:13,797]this epoch:
loss= 0.2027 accuracy= 0.9342
[2022-06-27 23:19:13,818]Epoch: 0040
[2022-06-27 23:19:20,880]iter:0020 loss_train: 0.1538 acc_train: 0.9688 time: 0.1806s
[2022-06-27 23:19:28,235]iter:0040 loss_train: 0.2656 acc_train: 0.9062 time: 0.1802s
[2022-06-27 23:19:35,331]iter:0060 loss_train: 0.0944 acc_train: 0.9844 time: 0.1801s
[2022-06-27 23:19:42,474]iter:0080 loss_train: 0.1564 acc_train: 0.9219 time: 0.1859s
[2022-06-27 23:19:50,203]iter:0100 loss_train: 0.1646 acc_train: 0.9688 time: 0.1805s
[2022-06-27 23:19:57,310]iter:0120 loss_train: 0.0989 acc_train: 1.0000 time: 0.1801s
[2022-06-27 23:20:04,494]iter:0140 loss_train: 0.2054 acc_train: 0.9375 time: 0.1803s
[2022-06-27 23:20:09,851]this epoch:
loss= 0.2020 accuracy= 0.9377
[2022-06-27 23:20:09,873]Epoch: 0041
[2022-06-27 23:20:16,656]iter:0020 loss_train: 0.1745 acc_train: 0.9688 time: 0.1800s
[2022-06-27 23:20:23,851]iter:0040 loss_train: 0.1694 acc_train: 0.9688 time: 0.1804s
[2022-06-27 23:20:30,993]iter:0060 loss_train: 0.1906 acc_train: 0.9062 time: 0.1799s
[2022-06-27 23:20:38,099]iter:0080 loss_train: 0.1553 acc_train: 0.9375 time: 0.1802s
[2022-06-27 23:20:45,285]iter:0100 loss_train: 0.2400 acc_train: 0.9062 time: 0.1802s
[2022-06-27 23:20:52,449]iter:0120 loss_train: 0.2029 acc_train: 0.9062 time: 0.1800s
[2022-06-27 23:20:59,720]iter:0140 loss_train: 0.1485 acc_train: 0.9688 time: 0.1806s
[2022-06-27 23:21:05,061]this epoch:
loss= 0.1972 accuracy= 0.9401
[2022-06-27 23:21:05,083]Epoch: 0042
[2022-06-27 23:21:11,944]iter:0020 loss_train: 0.1897 acc_train: 0.9219 time: 0.1804s
[2022-06-27 23:21:19,147]iter:0040 loss_train: 0.2067 acc_train: 0.9531 time: 0.1805s
[2022-06-27 23:21:26,300]iter:0060 loss_train: 0.4280 acc_train: 0.8594 time: 0.1800s
[2022-06-27 23:21:33,534]iter:0080 loss_train: 0.2025 acc_train: 0.9375 time: 0.1804s
[2022-06-27 23:21:40,736]iter:0100 loss_train: 0.2672 acc_train: 0.8906 time: 0.1805s
[2022-06-27 23:21:47,963]iter:0120 loss_train: 0.2182 acc_train: 0.9219 time: 0.1801s
[2022-06-27 23:21:55,096]iter:0140 loss_train: 0.1451 acc_train: 0.9531 time: 0.1810s
[2022-06-27 23:22:00,430]this epoch:
loss= 0.2010 accuracy= 0.9363
[2022-06-27 23:22:00,450]Epoch: 0043
[2022-06-27 23:22:07,257]iter:0020 loss_train: 0.2023 acc_train: 0.9375 time: 0.1804s
[2022-06-27 23:22:14,406]iter:0040 loss_train: 0.1502 acc_train: 0.9531 time: 0.1800s
[2022-06-27 23:22:21,575]iter:0060 loss_train: 0.2207 acc_train: 0.9219 time: 0.1805s
[2022-06-27 23:22:28,767]iter:0080 loss_train: 0.1412 acc_train: 0.9688 time: 0.1802s
[2022-06-27 23:22:35,854]iter:0100 loss_train: 0.2522 acc_train: 0.9062 time: 0.1803s
[2022-06-27 23:22:43,109]iter:0120 loss_train: 0.2068 acc_train: 0.9219 time: 0.1824s
[2022-06-27 23:22:50,279]iter:0140 loss_train: 0.2085 acc_train: 0.9062 time: 0.1799s
[2022-06-27 23:22:55,650]this epoch:
loss= 0.1993 accuracy= 0.9351
[2022-06-27 23:22:55,670]Epoch: 0044
[2022-06-27 23:23:02,573]iter:0020 loss_train: 0.2036 acc_train: 0.9219 time: 0.1805s
[2022-06-27 23:23:10,089]iter:0040 loss_train: 0.1758 acc_train: 0.9375 time: 0.1806s
[2022-06-27 23:23:17,255]iter:0060 loss_train: 0.3210 acc_train: 0.8594 time: 0.1807s
[2022-06-27 23:23:24,502]iter:0080 loss_train: 0.1851 acc_train: 0.9531 time: 0.1801s
[2022-06-27 23:23:31,618]iter:0100 loss_train: 0.1867 acc_train: 0.9219 time: 0.1800s
[2022-06-27 23:23:38,786]iter:0120 loss_train: 0.1595 acc_train: 0.9531 time: 0.1805s
[2022-06-27 23:23:45,974]iter:0140 loss_train: 0.3890 acc_train: 0.9062 time: 0.1803s
[2022-06-27 23:23:51,247]this epoch:
loss= 0.1971 accuracy= 0.9371
[2022-06-27 23:23:51,269]Epoch: 0045
[2022-06-27 23:23:58,058]iter:0020 loss_train: 0.1413 acc_train: 0.9688 time: 0.1800s
[2022-06-27 23:24:05,314]iter:0040 loss_train: 0.0999 acc_train: 0.9844 time: 0.1801s
[2022-06-27 23:24:12,544]iter:0060 loss_train: 0.2200 acc_train: 0.9375 time: 0.1807s
[2022-06-27 23:24:19,699]iter:0080 loss_train: 0.1598 acc_train: 0.9531 time: 0.1812s
[2022-06-27 23:24:26,817]iter:0100 loss_train: 0.2326 acc_train: 0.9688 time: 0.1803s
[2022-06-27 23:24:34,013]iter:0120 loss_train: 0.2891 acc_train: 0.9219 time: 0.1802s
[2022-06-27 23:24:41,181]iter:0140 loss_train: 0.2408 acc_train: 0.9219 time: 0.1848s
[2022-06-27 23:24:46,501]this epoch:
loss= 0.2010 accuracy= 0.9400
[2022-06-27 23:24:46,524]Epoch: 0046
[2022-06-27 23:24:53,678]iter:0020 loss_train: 0.1265 acc_train: 0.9531 time: 0.1804s
[2022-06-27 23:25:00,787]iter:0040 loss_train: 0.1628 acc_train: 0.9531 time: 0.1808s
[2022-06-27 23:25:08,054]iter:0060 loss_train: 0.3590 acc_train: 0.8906 time: 0.1808s
[2022-06-27 23:25:15,296]iter:0080 loss_train: 0.2462 acc_train: 0.9375 time: 0.1806s
[2022-06-27 23:25:22,547]iter:0100 loss_train: 0.0755 acc_train: 0.9844 time: 0.1807s
[2022-06-27 23:25:29,758]iter:0120 loss_train: 0.1748 acc_train: 0.9688 time: 0.1824s
[2022-06-27 23:25:36,927]iter:0140 loss_train: 0.3217 acc_train: 0.9062 time: 0.1802s
[2022-06-27 23:25:42,218]this epoch:
loss= 0.2012 accuracy= 0.9377
[2022-06-27 23:25:42,238]Epoch: 0047
[2022-06-27 23:25:49,210]iter:0020 loss_train: 0.1852 acc_train: 0.9219 time: 0.1806s
[2022-06-27 23:25:56,442]iter:0040 loss_train: 0.1651 acc_train: 0.9531 time: 0.1804s
[2022-06-27 23:26:03,677]iter:0060 loss_train: 0.1902 acc_train: 0.9688 time: 0.1807s
[2022-06-27 23:26:10,913]iter:0080 loss_train: 0.1757 acc_train: 0.9688 time: 0.1807s
[2022-06-27 23:26:18,162]iter:0100 loss_train: 0.1933 acc_train: 0.9531 time: 0.1797s
[2022-06-27 23:26:25,704]iter:0120 loss_train: 0.1899 acc_train: 0.9062 time: 0.1808s
[2022-06-27 23:26:32,856]iter:0140 loss_train: 0.1796 acc_train: 0.9375 time: 0.1804s
[2022-06-27 23:26:38,086]this epoch:
loss= 0.1972 accuracy= 0.9387
[2022-06-27 23:26:38,111]Epoch: 0048
[2022-06-27 23:26:45,083]iter:0020 loss_train: 0.1132 acc_train: 0.9688 time: 0.1805s
[2022-06-27 23:26:52,227]iter:0040 loss_train: 0.2848 acc_train: 0.9219 time: 0.1798s
[2022-06-27 23:26:59,357]iter:0060 loss_train: 0.3171 acc_train: 0.9219 time: 0.1808s
[2022-06-27 23:27:06,524]iter:0080 loss_train: 0.3319 acc_train: 0.9062 time: 0.1800s
[2022-06-27 23:27:13,634]iter:0100 loss_train: 0.2556 acc_train: 0.9219 time: 0.1806s
[2022-06-27 23:27:20,841]iter:0120 loss_train: 0.0987 acc_train: 1.0000 time: 0.1799s
[2022-06-27 23:27:28,127]iter:0140 loss_train: 0.2839 acc_train: 0.8750 time: 0.1803s
[2022-06-27 23:27:33,455]this epoch:
loss= 0.1977 accuracy= 0.9390
[2022-06-27 23:27:33,477]Epoch: 0049
[2022-06-27 23:27:40,432]iter:0020 loss_train: 0.1362 acc_train: 0.9688 time: 0.1803s
[2022-06-27 23:27:47,638]iter:0040 loss_train: 0.2373 acc_train: 0.9062 time: 0.1800s
[2022-06-27 23:27:54,756]iter:0060 loss_train: 0.1222 acc_train: 0.9531 time: 0.1801s
[2022-06-27 23:28:01,908]iter:0080 loss_train: 0.0937 acc_train: 0.9844 time: 0.1804s
[2022-06-27 23:28:09,232]iter:0100 loss_train: 0.2160 acc_train: 0.9531 time: 0.1805s
[2022-06-27 23:28:16,353]iter:0120 loss_train: 0.1936 acc_train: 0.9531 time: 0.1803s
[2022-06-27 23:28:23,443]iter:0140 loss_train: 0.1277 acc_train: 0.9531 time: 0.1807s
[2022-06-27 23:28:28,795]this epoch:
loss= 0.1948 accuracy= 0.9381
[2022-06-27 23:28:28,817]Epoch: 0050
[2022-06-27 23:28:35,642]iter:0020 loss_train: 0.0962 acc_train: 0.9844 time: 0.1808s
[2022-06-27 23:28:42,809]iter:0040 loss_train: 0.1358 acc_train: 0.9531 time: 0.1802s
[2022-06-27 23:28:50,165]iter:0060 loss_train: 0.2218 acc_train: 0.9219 time: 0.1804s
[2022-06-27 23:28:57,695]iter:0080 loss_train: 0.0900 acc_train: 0.9844 time: 0.1801s
[2022-06-27 23:29:04,892]iter:0100 loss_train: 0.1851 acc_train: 0.9375 time: 0.1799s
[2022-06-27 23:29:12,073]iter:0120 loss_train: 0.1598 acc_train: 0.9375 time: 0.1807s
[2022-06-27 23:29:19,327]iter:0140 loss_train: 0.1710 acc_train: 0.9219 time: 0.1804s
[2022-06-27 23:29:24,636]this epoch:
loss= 0.1968 accuracy= 0.9398
[2022-06-27 23:29:24,658]Epoch: 0051
[2022-06-27 23:29:31,415]iter:0020 loss_train: 0.2017 acc_train: 0.9688 time: 0.1803s
[2022-06-27 23:29:38,533]iter:0040 loss_train: 0.1992 acc_train: 0.9375 time: 0.1808s
[2022-06-27 23:29:45,875]iter:0060 loss_train: 0.2234 acc_train: 0.9531 time: 0.1804s
[2022-06-27 23:29:53,116]iter:0080 loss_train: 0.2805 acc_train: 0.9062 time: 0.1802s
[2022-06-27 23:30:00,433]iter:0100 loss_train: 0.1858 acc_train: 0.9375 time: 0.1805s
[2022-06-27 23:30:07,635]iter:0120 loss_train: 0.1895 acc_train: 0.9219 time: 0.1814s
[2022-06-27 23:30:14,847]iter:0140 loss_train: 0.1566 acc_train: 0.9688 time: 0.1801s
[2022-06-27 23:30:20,110]this epoch:
loss= 0.2000 accuracy= 0.9383
[2022-06-27 23:30:20,131]Epoch: 0052
[2022-06-27 23:30:27,217]iter:0020 loss_train: 0.1869 acc_train: 0.9531 time: 0.1804s
[2022-06-27 23:30:34,535]iter:0040 loss_train: 0.1755 acc_train: 0.9219 time: 0.1803s
[2022-06-27 23:30:41,640]iter:0060 loss_train: 0.3706 acc_train: 0.8906 time: 0.1806s
[2022-06-27 23:30:48,923]iter:0080 loss_train: 0.1204 acc_train: 0.9688 time: 0.1804s
[2022-06-27 23:30:56,228]iter:0100 loss_train: 0.1474 acc_train: 0.9375 time: 0.1800s
[2022-06-27 23:31:03,480]iter:0120 loss_train: 0.1150 acc_train: 0.9688 time: 0.1901s
[2022-06-27 23:31:10,624]iter:0140 loss_train: 0.2443 acc_train: 0.9219 time: 0.1802s
[2022-06-27 23:31:15,985]this epoch:
loss= 0.1972 accuracy= 0.9390
[2022-06-27 23:31:16,009]Epoch: 0053
[2022-06-27 23:31:22,955]iter:0020 loss_train: 0.1364 acc_train: 0.9688 time: 0.1800s
[2022-06-27 23:31:30,173]iter:0040 loss_train: 0.2820 acc_train: 0.8906 time: 0.1806s
[2022-06-27 23:31:37,416]iter:0060 loss_train: 0.1235 acc_train: 0.9688 time: 0.1803s
[2022-06-27 23:31:44,655]iter:0080 loss_train: 0.1716 acc_train: 0.9375 time: 0.1805s
[2022-06-27 23:31:51,836]iter:0100 loss_train: 0.1795 acc_train: 0.9219 time: 0.1800s
[2022-06-27 23:31:59,348]iter:0120 loss_train: 0.2676 acc_train: 0.9062 time: 0.1806s
[2022-06-27 23:32:06,492]iter:0140 loss_train: 0.2173 acc_train: 0.9219 time: 0.1807s
[2022-06-27 23:32:11,806]this epoch:
loss= 0.1980 accuracy= 0.9380
[2022-06-27 23:32:11,828]Epoch: 0054
[2022-06-27 23:32:18,643]iter:0020 loss_train: 0.1541 acc_train: 0.9688 time: 0.1801s
[2022-06-27 23:32:25,752]iter:0040 loss_train: 0.1122 acc_train: 0.9531 time: 0.1803s
[2022-06-27 23:32:32,920]iter:0060 loss_train: 0.1823 acc_train: 0.9688 time: 0.1803s
[2022-06-27 23:32:40,155]iter:0080 loss_train: 0.2222 acc_train: 0.9219 time: 0.1802s
[2022-06-27 23:32:47,567]iter:0100 loss_train: 0.1416 acc_train: 0.9688 time: 0.1823s
[2022-06-27 23:32:54,751]iter:0120 loss_train: 0.2059 acc_train: 0.9688 time: 0.1806s
[2022-06-27 23:33:01,895]iter:0140 loss_train: 0.1139 acc_train: 0.9688 time: 0.1801s
[2022-06-27 23:33:07,181]this epoch:
loss= 0.1979 accuracy= 0.9396
[2022-06-27 23:33:07,203]Epoch: 0055
[2022-06-27 23:33:14,079]iter:0020 loss_train: 0.1687 acc_train: 0.9688 time: 0.1804s
[2022-06-27 23:33:21,393]iter:0040 loss_train: 0.2908 acc_train: 0.9375 time: 0.1810s
[2022-06-27 23:33:28,604]iter:0060 loss_train: 0.1429 acc_train: 0.9688 time: 0.1805s
[2022-06-27 23:33:35,761]iter:0080 loss_train: 0.1921 acc_train: 0.9062 time: 0.1800s
[2022-06-27 23:33:42,830]iter:0100 loss_train: 0.2031 acc_train: 0.9219 time: 0.1807s
[2022-06-27 23:33:49,915]iter:0120 loss_train: 0.1881 acc_train: 0.9531 time: 0.1805s
[2022-06-27 23:33:57,065]iter:0140 loss_train: 0.1866 acc_train: 0.9531 time: 0.1807s
[2022-06-27 23:34:02,366]this epoch:
loss= 0.1992 accuracy= 0.9377
[2022-06-27 23:34:02,388]Epoch: 0056
[2022-06-27 23:34:09,425]iter:0020 loss_train: 0.1893 acc_train: 0.9531 time: 0.1804s
[2022-06-27 23:34:16,573]iter:0040 loss_train: 0.2110 acc_train: 0.9531 time: 0.1806s
[2022-06-27 23:34:23,836]iter:0060 loss_train: 0.2740 acc_train: 0.9062 time: 0.1810s
[2022-06-27 23:34:30,945]iter:0080 loss_train: 0.2352 acc_train: 0.9375 time: 0.1802s
[2022-06-27 23:34:38,499]iter:0100 loss_train: 0.1415 acc_train: 0.9688 time: 0.1809s
[2022-06-27 23:34:45,652]iter:0120 loss_train: 0.0690 acc_train: 0.9844 time: 0.1804s
[2022-06-27 23:34:52,757]iter:0140 loss_train: 0.1206 acc_train: 0.9688 time: 0.1801s
[2022-06-27 23:34:58,005]this epoch:
loss= 0.1921 accuracy= 0.9420
[2022-06-27 23:34:58,027]Epoch: 0057
[2022-06-27 23:35:04,794]iter:0020 loss_train: 0.1379 acc_train: 0.9688 time: 0.1811s
[2022-06-27 23:35:11,951]iter:0040 loss_train: 0.2720 acc_train: 0.9062 time: 0.1803s
[2022-06-27 23:35:19,076]iter:0060 loss_train: 0.2669 acc_train: 0.8750 time: 0.1815s
[2022-06-27 23:35:26,327]iter:0080 loss_train: 0.3189 acc_train: 0.8906 time: 0.1804s
[2022-06-27 23:35:33,389]iter:0100 loss_train: 0.1327 acc_train: 0.9844 time: 0.1802s
[2022-06-27 23:35:40,570]iter:0120 loss_train: 0.1760 acc_train: 0.9531 time: 0.1804s
[2022-06-27 23:35:47,660]iter:0140 loss_train: 0.2823 acc_train: 0.9219 time: 0.1807s
[2022-06-27 23:35:52,977]this epoch:
loss= 0.1987 accuracy= 0.9376
[2022-06-27 23:35:53,000]Epoch: 0058
[2022-06-27 23:35:59,828]iter:0020 loss_train: 0.2883 acc_train: 0.9062 time: 0.1812s
[2022-06-27 23:36:07,047]iter:0040 loss_train: 0.2009 acc_train: 0.9531 time: 0.1806s
[2022-06-27 23:36:14,202]iter:0060 loss_train: 0.1765 acc_train: 0.9375 time: 0.1805s
[2022-06-27 23:36:21,972]iter:0080 loss_train: 0.2347 acc_train: 0.9219 time: 0.1798s
[2022-06-27 23:36:28,307]iter:0100 loss_train: 0.2053 acc_train: 0.9375 time: 0.1809s
[2022-06-27 23:36:35,275]iter:0120 loss_train: 0.3241 acc_train: 0.8438 time: 0.1805s
[2022-06-27 23:36:41,704]iter:0140 loss_train: 0.2181 acc_train: 0.9375 time: 0.1802s
[2022-06-27 23:36:46,256]this epoch:
loss= 0.1961 accuracy= 0.9372
[2022-06-27 23:36:46,272]Epoch: 0059
[2022-06-27 23:36:52,246]iter:0020 loss_train: 0.1764 acc_train: 0.9531 time: 0.1799s
[2022-06-27 23:36:58,716]iter:0040 loss_train: 0.1853 acc_train: 0.9531 time: 0.1815s
[2022-06-27 23:37:05,322]iter:0060 loss_train: 0.1971 acc_train: 0.9219 time: 0.1797s
[2022-06-27 23:37:12,256]iter:0080 loss_train: 0.1851 acc_train: 0.9375 time: 0.1804s
[2022-06-27 23:37:18,958]iter:0100 loss_train: 0.1592 acc_train: 0.9375 time: 0.1797s
[2022-06-27 23:37:25,277]iter:0120 loss_train: 0.1091 acc_train: 0.9688 time: 0.1800s
[2022-06-27 23:37:31,445]iter:0140 loss_train: 0.1977 acc_train: 0.9531 time: 0.1806s
[2022-06-27 23:37:36,054]this epoch:
loss= 0.1941 accuracy= 0.9395
[2022-06-27 23:37:36,069]Epoch: 0060
[2022-06-27 23:37:42,050]iter:0020 loss_train: 0.1344 acc_train: 0.9688 time: 0.1807s
[2022-06-27 23:37:48,547]iter:0040 loss_train: 0.2119 acc_train: 0.9219 time: 0.1804s
[2022-06-27 23:37:54,922]iter:0060 loss_train: 0.2334 acc_train: 0.9219 time: 0.1802s
[2022-06-27 23:38:01,544]iter:0080 loss_train: 0.3212 acc_train: 0.9219 time: 0.1807s
[2022-06-27 23:38:08,368]iter:0100 loss_train: 0.0922 acc_train: 0.9688 time: 0.1807s
[2022-06-27 23:38:15,012]iter:0120 loss_train: 0.1405 acc_train: 0.9375 time: 0.1798s
[2022-06-27 23:38:21,431]iter:0140 loss_train: 0.1752 acc_train: 0.9219 time: 0.1802s
[2022-06-27 23:38:26,026]this epoch:
loss= 0.2006 accuracy= 0.9385
[2022-06-27 23:38:26,041]Optimization Finished!
[2022-06-27 23:38:26,041]Total time elapsed: 3319.4848s
[2022-06-27 23:38:26,041]the best accuarcy is 0.9420
[2022-06-27 23:38:32,196]Test set results: loss= 0.3720 accuracy= 0.8874
[2022-06-27 23:39:59,772]trained model saved at :../train_model/model_pnet.pt
[2022-06-27 23:39:59,772]best model saved at :../best_model/model_pnet.pt
[2022-06-27 23:39:59,777]Epoch: 0001
[2022-06-27 23:40:02,989]iter:0020 loss_train: 0.2542 acc_train: 0.9219 time: 0.0478s
[2022-06-27 23:40:06,153]iter:0040 loss_train: 0.1583 acc_train: 0.9688 time: 0.0498s
[2022-06-27 23:40:09,402]iter:0060 loss_train: 0.1323 acc_train: 0.9688 time: 0.0499s
[2022-06-27 23:40:12,582]iter:0080 loss_train: 0.1415 acc_train: 0.9531 time: 0.0482s
[2022-06-27 23:40:15,819]iter:0100 loss_train: 0.0986 acc_train: 0.9688 time: 0.0464s
[2022-06-27 23:40:18,968]iter:0120 loss_train: 0.1048 acc_train: 0.9844 time: 0.0502s
[2022-06-27 23:40:22,200]iter:0140 loss_train: 0.1317 acc_train: 0.9844 time: 0.0466s
[2022-06-27 23:40:24,560]this epoch:
loss= 0.1620 accuracy= 0.9522
[2022-06-27 23:40:24,574]Epoch: 0002
[2022-06-27 23:40:27,631]iter:0020 loss_train: 0.1371 acc_train: 0.9688 time: 0.0507s
[2022-06-27 23:40:30,945]iter:0040 loss_train: 0.2284 acc_train: 0.9219 time: 0.0475s
[2022-06-27 23:40:34,134]iter:0060 loss_train: 0.2454 acc_train: 0.9375 time: 0.0467s
[2022-06-27 23:40:37,426]iter:0080 loss_train: 0.1391 acc_train: 0.9688 time: 0.0495s
[2022-06-27 23:40:40,617]iter:0100 loss_train: 0.1816 acc_train: 0.9688 time: 0.0473s
[2022-06-27 23:40:43,806]iter:0120 loss_train: 0.0980 acc_train: 0.9844 time: 0.0451s
[2022-06-27 23:40:47,057]iter:0140 loss_train: 0.1748 acc_train: 0.9531 time: 0.0466s
[2022-06-27 23:40:49,400]this epoch:
loss= 0.1867 accuracy= 0.9428
[2022-06-27 23:40:49,410]Epoch: 0003
[2022-06-27 23:40:52,568]iter:0020 loss_train: 0.1838 acc_train: 0.9844 time: 0.0484s
[2022-06-27 23:40:55,709]iter:0040 loss_train: 0.3097 acc_train: 0.9062 time: 0.0475s
[2022-06-27 23:40:58,920]iter:0060 loss_train: 0.1480 acc_train: 0.9688 time: 0.0465s
[2022-06-27 23:41:02,091]iter:0080 loss_train: 0.1070 acc_train: 1.0000 time: 0.0475s
[2022-06-27 23:41:05,280]iter:0100 loss_train: 0.3617 acc_train: 0.8906 time: 0.0483s
[2022-06-27 23:41:08,515]iter:0120 loss_train: 0.1237 acc_train: 0.9688 time: 0.0493s
[2022-06-27 23:41:11,723]iter:0140 loss_train: 0.1446 acc_train: 0.9688 time: 0.0465s
[2022-06-27 23:41:14,066]this epoch:
loss= 0.1827 accuracy= 0.9436
[2022-06-27 23:41:14,077]Epoch: 0004
[2022-06-27 23:41:17,084]iter:0020 loss_train: 0.2250 acc_train: 0.9219 time: 0.0496s
[2022-06-27 23:41:20,316]iter:0040 loss_train: 0.1303 acc_train: 0.9531 time: 0.0486s
[2022-06-27 23:41:23,486]iter:0060 loss_train: 0.2602 acc_train: 0.9062 time: 0.0470s
[2022-06-27 23:41:26,671]iter:0080 loss_train: 0.2957 acc_train: 0.9219 time: 0.0474s
[2022-06-27 23:41:29,825]iter:0100 loss_train: 0.3409 acc_train: 0.8906 time: 0.0456s
[2022-06-27 23:41:32,990]iter:0120 loss_train: 0.1604 acc_train: 0.9531 time: 0.0454s
[2022-06-27 23:41:36,143]iter:0140 loss_train: 0.2759 acc_train: 0.9062 time: 0.0456s
[2022-06-27 23:41:38,490]this epoch:
loss= 0.1901 accuracy= 0.9414
[2022-06-27 23:41:38,501]Epoch: 0005
[2022-06-27 23:41:41,475]iter:0020 loss_train: 0.2214 acc_train: 0.9531 time: 0.0474s
[2022-06-27 23:41:44,722]iter:0040 loss_train: 0.1205 acc_train: 0.9688 time: 0.0510s
[2022-06-27 23:41:47,952]iter:0060 loss_train: 0.1066 acc_train: 0.9844 time: 0.0526s
[2022-06-27 23:41:51,210]iter:0080 loss_train: 0.2891 acc_train: 0.8906 time: 0.0533s
[2022-06-27 23:41:54,419]iter:0100 loss_train: 0.2900 acc_train: 0.8906 time: 0.0465s
[2022-06-27 23:41:57,638]iter:0120 loss_train: 0.1909 acc_train: 0.9375 time: 0.0469s
[2022-06-27 23:42:00,816]iter:0140 loss_train: 0.2284 acc_train: 0.9375 time: 0.0457s
[2022-06-27 23:42:03,168]this epoch:
loss= 0.1827 accuracy= 0.9442
[2022-06-27 23:42:03,182]Epoch: 0006
[2022-06-27 23:42:06,278]iter:0020 loss_train: 0.2416 acc_train: 0.9375 time: 0.0524s
[2022-06-27 23:42:09,535]iter:0040 loss_train: 0.1238 acc_train: 0.9531 time: 0.0483s
[2022-06-27 23:42:12,741]iter:0060 loss_train: 0.1486 acc_train: 0.9375 time: 0.0496s
[2022-06-27 23:42:16,014]iter:0080 loss_train: 0.1464 acc_train: 0.9688 time: 0.0528s
[2022-06-27 23:42:19,330]iter:0100 loss_train: 0.1448 acc_train: 0.9375 time: 0.0470s
[2022-06-27 23:42:22,508]iter:0120 loss_train: 0.0930 acc_train: 0.9844 time: 0.0459s
[2022-06-27 23:42:25,752]iter:0140 loss_train: 0.1779 acc_train: 0.9531 time: 0.0501s
[2022-06-27 23:42:28,265]this epoch:
loss= 0.1848 accuracy= 0.9409
[2022-06-27 23:42:28,283]Epoch: 0007
[2022-06-27 23:42:31,386]iter:0020 loss_train: 0.2528 acc_train: 0.9375 time: 0.0464s
[2022-06-27 23:42:34,600]iter:0040 loss_train: 0.1028 acc_train: 0.9688 time: 0.0467s
[2022-06-27 23:42:37,848]iter:0060 loss_train: 0.1399 acc_train: 0.9844 time: 0.0508s
[2022-06-27 23:42:41,045]iter:0080 loss_train: 0.2192 acc_train: 0.9688 time: 0.0459s
[2022-06-27 23:42:44,249]iter:0100 loss_train: 0.2621 acc_train: 0.9219 time: 0.0510s
[2022-06-27 23:42:47,488]iter:0120 loss_train: 0.1566 acc_train: 0.9688 time: 0.0525s
[2022-06-27 23:42:50,834]iter:0140 loss_train: 0.1163 acc_train: 0.9531 time: 0.0524s
[2022-06-27 23:42:53,229]this epoch:
loss= 0.1805 accuracy= 0.9458
[2022-06-27 23:42:53,246]Epoch: 0008
[2022-06-27 23:42:56,295]iter:0020 loss_train: 0.2082 acc_train: 0.9375 time: 0.0517s
[2022-06-27 23:42:59,536]iter:0040 loss_train: 0.1400 acc_train: 0.9531 time: 0.0500s
[2022-06-27 23:43:02,744]iter:0060 loss_train: 0.1689 acc_train: 0.9531 time: 0.0493s
[2022-06-27 23:43:05,930]iter:0080 loss_train: 0.1324 acc_train: 0.9688 time: 0.0483s
[2022-06-27 23:43:09,105]iter:0100 loss_train: 0.2389 acc_train: 0.9062 time: 0.0456s
[2022-06-27 23:43:12,242]iter:0120 loss_train: 0.1851 acc_train: 0.9375 time: 0.0478s
[2022-06-27 23:43:15,439]iter:0140 loss_train: 0.1198 acc_train: 0.9688 time: 0.0520s
[2022-06-27 23:43:17,806]this epoch:
loss= 0.1772 accuracy= 0.9454
[2022-06-27 23:43:17,822]Epoch: 0009
[2022-06-27 23:43:20,845]iter:0020 loss_train: 0.2199 acc_train: 0.9531 time: 0.0466s
[2022-06-27 23:43:24,012]iter:0040 loss_train: 0.1676 acc_train: 0.9375 time: 0.0458s
[2022-06-27 23:43:27,172]iter:0060 loss_train: 0.1740 acc_train: 0.9531 time: 0.0456s
[2022-06-27 23:43:30,331]iter:0080 loss_train: 0.1596 acc_train: 0.9688 time: 0.0460s
[2022-06-27 23:43:33,497]iter:0100 loss_train: 0.0634 acc_train: 1.0000 time: 0.0482s
[2022-06-27 23:43:36,690]iter:0120 loss_train: 0.1206 acc_train: 0.9844 time: 0.0483s
[2022-06-27 23:43:39,873]iter:0140 loss_train: 0.1059 acc_train: 0.9531 time: 0.0479s
[2022-06-27 23:43:42,211]this epoch:
loss= 0.1777 accuracy= 0.9452
[2022-06-27 23:43:42,227]Epoch: 0010
[2022-06-27 23:43:45,205]iter:0020 loss_train: 0.1930 acc_train: 0.9688 time: 0.0478s
[2022-06-27 23:43:48,357]iter:0040 loss_train: 0.2285 acc_train: 0.8906 time: 0.0465s
[2022-06-27 23:43:51,491]iter:0060 loss_train: 0.1105 acc_train: 0.9688 time: 0.0462s
[2022-06-27 23:43:54,645]iter:0080 loss_train: 0.0896 acc_train: 1.0000 time: 0.0468s
[2022-06-27 23:43:57,783]iter:0100 loss_train: 0.2805 acc_train: 0.9219 time: 0.0447s
[2022-06-27 23:44:01,044]iter:0120 loss_train: 0.2193 acc_train: 0.9375 time: 0.0489s
[2022-06-27 23:44:04,350]iter:0140 loss_train: 0.1572 acc_train: 0.9375 time: 0.0462s
[2022-06-27 23:44:06,689]this epoch:
loss= 0.1775 accuracy= 0.9486
[2022-06-27 23:44:06,705]Epoch: 0011
[2022-06-27 23:44:09,806]iter:0020 loss_train: 0.1983 acc_train: 0.9375 time: 0.0489s
[2022-06-27 23:44:13,097]iter:0040 loss_train: 0.0645 acc_train: 1.0000 time: 0.0491s
[2022-06-27 23:44:16,338]iter:0060 loss_train: 0.2248 acc_train: 0.9219 time: 0.0516s
[2022-06-27 23:44:19,552]iter:0080 loss_train: 0.3304 acc_train: 0.8594 time: 0.0473s
[2022-06-27 23:44:22,784]iter:0100 loss_train: 0.1274 acc_train: 0.9688 time: 0.0510s
[2022-06-27 23:44:25,995]iter:0120 loss_train: 0.1714 acc_train: 0.9375 time: 0.0478s
[2022-06-27 23:44:29,170]iter:0140 loss_train: 0.1970 acc_train: 0.9062 time: 0.0455s
[2022-06-27 23:44:31,494]this epoch:
loss= 0.1795 accuracy= 0.9447
[2022-06-27 23:44:31,510]Epoch: 0012
[2022-06-27 23:44:34,540]iter:0020 loss_train: 0.2600 acc_train: 0.9375 time: 0.0467s
[2022-06-27 23:44:37,755]iter:0040 loss_train: 0.1514 acc_train: 0.9531 time: 0.0490s
[2022-06-27 23:44:40,936]iter:0060 loss_train: 0.0907 acc_train: 0.9688 time: 0.0459s
[2022-06-27 23:44:44,093]iter:0080 loss_train: 0.2046 acc_train: 0.9219 time: 0.0455s
[2022-06-27 23:44:47,274]iter:0100 loss_train: 0.1305 acc_train: 0.9688 time: 0.0492s
[2022-06-27 23:44:50,558]iter:0120 loss_train: 0.2885 acc_train: 0.9375 time: 0.0534s
[2022-06-27 23:44:53,772]iter:0140 loss_train: 0.0863 acc_train: 0.9844 time: 0.0465s
[2022-06-27 23:44:56,175]this epoch:
loss= 0.1731 accuracy= 0.9476
[2022-06-27 23:44:56,195]Epoch: 0013
[2022-06-27 23:44:59,287]iter:0020 loss_train: 0.1371 acc_train: 0.9688 time: 0.0463s
[2022-06-27 23:45:02,402]iter:0040 loss_train: 0.2009 acc_train: 0.9219 time: 0.0494s
[2022-06-27 23:45:05,636]iter:0060 loss_train: 0.2387 acc_train: 0.9219 time: 0.0525s
[2022-06-27 23:45:08,863]iter:0080 loss_train: 0.1605 acc_train: 0.9688 time: 0.0471s
[2022-06-27 23:45:12,038]iter:0100 loss_train: 0.2075 acc_train: 0.9219 time: 0.0456s
[2022-06-27 23:45:15,208]iter:0120 loss_train: 0.0924 acc_train: 0.9844 time: 0.0461s
[2022-06-27 23:45:18,368]iter:0140 loss_train: 0.1142 acc_train: 1.0000 time: 0.0453s
[2022-06-27 23:45:20,736]this epoch:
loss= 0.1729 accuracy= 0.9456
[2022-06-27 23:45:20,753]Epoch: 0014
[2022-06-27 23:45:23,797]iter:0020 loss_train: 0.2054 acc_train: 0.9531 time: 0.0469s
[2022-06-27 23:45:27,003]iter:0040 loss_train: 0.1515 acc_train: 0.9688 time: 0.0503s
[2022-06-27 23:45:30,144]iter:0060 loss_train: 0.1710 acc_train: 0.9531 time: 0.0460s
[2022-06-27 23:45:33,242]iter:0080 loss_train: 0.0806 acc_train: 0.9844 time: 0.0453s
[2022-06-27 23:45:36,386]iter:0100 loss_train: 0.1461 acc_train: 0.9375 time: 0.0457s
[2022-06-27 23:45:39,570]iter:0120 loss_train: 0.2019 acc_train: 0.9375 time: 0.0468s
[2022-06-27 23:45:42,749]iter:0140 loss_train: 0.1761 acc_train: 0.9375 time: 0.0456s
[2022-06-27 23:45:45,107]this epoch:
loss= 0.1649 accuracy= 0.9483
[2022-06-27 23:45:45,125]Epoch: 0015
[2022-06-27 23:45:48,176]iter:0020 loss_train: 0.1944 acc_train: 0.9531 time: 0.0472s
[2022-06-27 23:45:51,489]iter:0040 loss_train: 0.2310 acc_train: 0.9062 time: 0.0520s
[2022-06-27 23:45:54,794]iter:0060 loss_train: 0.1085 acc_train: 1.0000 time: 0.0522s
[2022-06-27 23:45:58,029]iter:0080 loss_train: 0.1158 acc_train: 0.9688 time: 0.0521s
[2022-06-27 23:46:01,229]iter:0100 loss_train: 0.1260 acc_train: 0.9531 time: 0.0486s
[2022-06-27 23:46:04,413]iter:0120 loss_train: 0.1981 acc_train: 0.9531 time: 0.0497s
[2022-06-27 23:46:07,636]iter:0140 loss_train: 0.1164 acc_train: 0.9688 time: 0.0476s
[2022-06-27 23:46:09,993]this epoch:
loss= 0.1625 accuracy= 0.9534
[2022-06-27 23:46:10,009]Epoch: 0016
[2022-06-27 23:46:13,029]iter:0020 loss_train: 0.2720 acc_train: 0.9219 time: 0.0459s
[2022-06-27 23:46:16,220]iter:0040 loss_train: 0.2160 acc_train: 0.9375 time: 0.0464s
[2022-06-27 23:46:19,451]iter:0060 loss_train: 0.1054 acc_train: 1.0000 time: 0.0525s
[2022-06-27 23:46:22,651]iter:0080 loss_train: 0.1602 acc_train: 0.9688 time: 0.0462s
[2022-06-27 23:46:25,905]iter:0100 loss_train: 0.1925 acc_train: 0.9219 time: 0.0515s
[2022-06-27 23:46:29,190]iter:0120 loss_train: 0.2118 acc_train: 0.9375 time: 0.0495s
[2022-06-27 23:46:32,398]iter:0140 loss_train: 0.1775 acc_train: 0.9531 time: 0.0457s
[2022-06-27 23:46:34,818]this epoch:
loss= 0.1603 accuracy= 0.9555
[2022-06-27 23:46:34,841]Epoch: 0017
[2022-06-27 23:46:37,984]iter:0020 loss_train: 0.1376 acc_train: 0.9844 time: 0.0492s
[2022-06-27 23:46:41,219]iter:0040 loss_train: 0.1299 acc_train: 0.9375 time: 0.0477s
[2022-06-27 23:46:44,407]iter:0060 loss_train: 0.1063 acc_train: 0.9844 time: 0.0486s
[2022-06-27 23:46:47,658]iter:0080 loss_train: 0.1463 acc_train: 0.9688 time: 0.0515s
[2022-06-27 23:46:50,872]iter:0100 loss_train: 0.1916 acc_train: 0.9531 time: 0.0506s
[2022-06-27 23:46:54,135]iter:0120 loss_train: 0.1239 acc_train: 0.9688 time: 0.0511s
[2022-06-27 23:46:57,362]iter:0140 loss_train: 0.1437 acc_train: 0.9375 time: 0.0524s
[2022-06-27 23:46:59,698]this epoch:
loss= 0.1925 accuracy= 0.9394
[2022-06-27 23:46:59,708]Epoch: 0018
[2022-06-27 23:47:02,805]iter:0020 loss_train: 0.2058 acc_train: 0.9531 time: 0.0456s
[2022-06-27 23:47:06,093]iter:0040 loss_train: 0.2037 acc_train: 0.9531 time: 0.0476s
[2022-06-27 23:47:09,300]iter:0060 loss_train: 0.1878 acc_train: 0.9375 time: 0.0470s
[2022-06-27 23:47:12,532]iter:0080 loss_train: 0.1912 acc_train: 0.9219 time: 0.0517s
[2022-06-27 23:47:15,863]iter:0100 loss_train: 0.1544 acc_train: 0.9688 time: 0.0535s
[2022-06-27 23:47:19,187]iter:0120 loss_train: 0.1491 acc_train: 0.9688 time: 0.0505s
[2022-06-27 23:47:22,401]iter:0140 loss_train: 0.1127 acc_train: 0.9688 time: 0.0462s
[2022-06-27 23:47:24,806]this epoch:
loss= 0.1881 accuracy= 0.9419
[2022-06-27 23:47:24,821]Epoch: 0019
[2022-06-27 23:47:27,890]iter:0020 loss_train: 0.2158 acc_train: 0.9219 time: 0.0471s
[2022-06-27 23:47:31,120]iter:0040 loss_train: 0.2066 acc_train: 0.9219 time: 0.0528s
[2022-06-27 23:47:34,413]iter:0060 loss_train: 0.2032 acc_train: 0.9688 time: 0.0462s
[2022-06-27 23:47:37,643]iter:0080 loss_train: 0.1297 acc_train: 0.9688 time: 0.0508s
[2022-06-27 23:47:40,853]iter:0100 loss_train: 0.1478 acc_train: 0.9688 time: 0.0484s
[2022-06-27 23:47:44,043]iter:0120 loss_train: 0.1714 acc_train: 0.9531 time: 0.0462s
[2022-06-27 23:47:47,225]iter:0140 loss_train: 0.1750 acc_train: 0.9531 time: 0.0466s
[2022-06-27 23:47:49,567]this epoch:
loss= 0.1911 accuracy= 0.9397
[2022-06-27 23:47:49,578]Epoch: 0020
[2022-06-27 23:47:52,591]iter:0020 loss_train: 0.1811 acc_train: 0.9219 time: 0.0467s
[2022-06-27 23:47:55,784]iter:0040 loss_train: 0.1073 acc_train: 0.9844 time: 0.0478s
[2022-06-27 23:47:58,964]iter:0060 loss_train: 0.2278 acc_train: 0.9688 time: 0.0496s
[2022-06-27 23:48:02,171]iter:0080 loss_train: 0.2223 acc_train: 0.9375 time: 0.0464s
[2022-06-27 23:48:05,402]iter:0100 loss_train: 0.1178 acc_train: 0.9531 time: 0.0470s
[2022-06-27 23:48:08,613]iter:0120 loss_train: 0.1597 acc_train: 0.9375 time: 0.0494s
[2022-06-27 23:48:11,858]iter:0140 loss_train: 0.2425 acc_train: 0.9531 time: 0.0513s
[2022-06-27 23:48:14,261]this epoch:
loss= 0.1935 accuracy= 0.9393
[2022-06-27 23:48:14,273]Epoch: 0021
[2022-06-27 23:48:17,369]iter:0020 loss_train: 0.0663 acc_train: 1.0000 time: 0.0533s
[2022-06-27 23:48:20,571]iter:0040 loss_train: 0.1412 acc_train: 0.9844 time: 0.0484s
[2022-06-27 23:48:23,822]iter:0060 loss_train: 0.2447 acc_train: 0.9375 time: 0.0462s
[2022-06-27 23:48:27,015]iter:0080 loss_train: 0.1212 acc_train: 0.9531 time: 0.0473s
[2022-06-27 23:48:30,204]iter:0100 loss_train: 0.1590 acc_train: 0.9531 time: 0.0491s
[2022-06-27 23:48:33,474]iter:0120 loss_train: 0.2043 acc_train: 0.9375 time: 0.0484s
[2022-06-27 23:48:36,651]iter:0140 loss_train: 0.1290 acc_train: 0.9688 time: 0.0456s
[2022-06-27 23:48:38,991]this epoch:
loss= 0.1911 accuracy= 0.9409
[2022-06-27 23:48:39,001]Epoch: 0022
[2022-06-27 23:48:42,026]iter:0020 loss_train: 0.2442 acc_train: 0.9219 time: 0.0481s
[2022-06-27 23:48:45,200]iter:0040 loss_train: 0.2408 acc_train: 0.9375 time: 0.0484s
[2022-06-27 23:48:48,511]iter:0060 loss_train: 0.1524 acc_train: 0.9688 time: 0.0495s
[2022-06-27 23:48:51,791]iter:0080 loss_train: 0.1774 acc_train: 0.9531 time: 0.0527s
[2022-06-27 23:48:55,077]iter:0100 loss_train: 0.2070 acc_train: 0.9531 time: 0.0480s
[2022-06-27 23:48:58,325]iter:0120 loss_train: 0.1538 acc_train: 0.9219 time: 0.0499s
[2022-06-27 23:49:01,518]iter:0140 loss_train: 0.1991 acc_train: 0.9531 time: 0.0482s
[2022-06-27 23:49:03,915]this epoch:
loss= 0.1892 accuracy= 0.9419
[2022-06-27 23:49:03,934]Epoch: 0023
[2022-06-27 23:49:07,022]iter:0020 loss_train: 0.2983 acc_train: 0.9219 time: 0.0524s
[2022-06-27 23:49:10,235]iter:0040 loss_train: 0.2360 acc_train: 0.9062 time: 0.0472s
[2022-06-27 23:49:13,617]iter:0060 loss_train: 0.1425 acc_train: 0.9688 time: 0.0524s
[2022-06-27 23:49:16,898]iter:0080 loss_train: 0.1882 acc_train: 0.9375 time: 0.0499s
[2022-06-27 23:49:20,094]iter:0100 loss_train: 0.1914 acc_train: 0.9375 time: 0.0470s
[2022-06-27 23:49:23,327]iter:0120 loss_train: 0.1937 acc_train: 0.9688 time: 0.0487s
[2022-06-27 23:49:26,522]iter:0140 loss_train: 0.1363 acc_train: 0.9844 time: 0.0464s
[2022-06-27 23:49:28,935]this epoch:
loss= 0.1857 accuracy= 0.9439
[2022-06-27 23:49:28,945]Epoch: 0024
[2022-06-27 23:49:32,003]iter:0020 loss_train: 0.2166 acc_train: 0.9219 time: 0.0501s
[2022-06-27 23:49:35,233]iter:0040 loss_train: 0.1860 acc_train: 0.9531 time: 0.0523s
[2022-06-27 23:49:38,555]iter:0060 loss_train: 0.2155 acc_train: 0.9219 time: 0.0528s
[2022-06-27 23:49:41,787]iter:0080 loss_train: 0.2840 acc_train: 0.8594 time: 0.0506s
[2022-06-27 23:49:45,029]iter:0100 loss_train: 0.1767 acc_train: 0.9375 time: 0.0523s
[2022-06-27 23:49:48,225]iter:0120 loss_train: 0.1152 acc_train: 0.9688 time: 0.0469s
[2022-06-27 23:49:51,383]iter:0140 loss_train: 0.1118 acc_train: 0.9688 time: 0.0452s
[2022-06-27 23:49:53,718]this epoch:
loss= 0.1910 accuracy= 0.9394
[2022-06-27 23:49:53,730]Epoch: 0025
[2022-06-27 23:49:56,779]iter:0020 loss_train: 0.2231 acc_train: 0.9062 time: 0.0474s
[2022-06-27 23:50:00,120]iter:0040 loss_train: 0.1379 acc_train: 0.9688 time: 0.0489s
[2022-06-27 23:50:03,362]iter:0060 loss_train: 0.1157 acc_train: 1.0000 time: 0.0503s
[2022-06-27 23:50:06,604]iter:0080 loss_train: 0.1986 acc_train: 0.9062 time: 0.0507s
[2022-06-27 23:50:09,819]iter:0100 loss_train: 0.0733 acc_train: 1.0000 time: 0.0456s
[2022-06-27 23:50:13,016]iter:0120 loss_train: 0.2126 acc_train: 0.9062 time: 0.0473s
[2022-06-27 23:50:16,227]iter:0140 loss_train: 0.2161 acc_train: 0.9219 time: 0.0488s
[2022-06-27 23:50:18,562]this epoch:
loss= 0.1863 accuracy= 0.9418
[2022-06-27 23:50:18,572]Epoch: 0026
[2022-06-27 23:50:21,573]iter:0020 loss_train: 0.1726 acc_train: 0.9531 time: 0.0464s
[2022-06-27 23:50:24,708]iter:0040 loss_train: 0.1880 acc_train: 0.9688 time: 0.0450s
[2022-06-27 23:50:27,842]iter:0060 loss_train: 0.2815 acc_train: 0.8906 time: 0.0494s
[2022-06-27 23:50:31,018]iter:0080 loss_train: 0.1144 acc_train: 0.9531 time: 0.0473s
[2022-06-27 23:50:34,176]iter:0100 loss_train: 0.1203 acc_train: 1.0000 time: 0.0466s
[2022-06-27 23:50:37,348]iter:0120 loss_train: 0.3525 acc_train: 0.8750 time: 0.0474s
[2022-06-27 23:50:40,575]iter:0140 loss_train: 0.1361 acc_train: 0.9531 time: 0.0503s
[2022-06-27 23:50:42,952]this epoch:
loss= 0.1830 accuracy= 0.9437
[2022-06-27 23:50:42,963]Epoch: 0027
[2022-06-27 23:50:46,020]iter:0020 loss_train: 0.1441 acc_train: 0.9844 time: 0.0471s
[2022-06-27 23:50:49,238]iter:0040 loss_train: 0.1518 acc_train: 0.9531 time: 0.0503s
[2022-06-27 23:50:52,478]iter:0060 loss_train: 0.1213 acc_train: 0.9688 time: 0.0523s
[2022-06-27 23:50:55,703]iter:0080 loss_train: 0.2164 acc_train: 0.9375 time: 0.0482s
[2022-06-27 23:50:58,897]iter:0100 loss_train: 0.1236 acc_train: 0.9688 time: 0.0463s
[2022-06-27 23:51:02,057]iter:0120 loss_train: 0.3385 acc_train: 0.8594 time: 0.0454s
[2022-06-27 23:51:05,249]iter:0140 loss_train: 0.1211 acc_train: 0.9688 time: 0.0494s
[2022-06-27 23:51:07,597]this epoch:
loss= 0.1852 accuracy= 0.9431
[2022-06-27 23:51:07,609]Epoch: 0028
[2022-06-27 23:51:10,655]iter:0020 loss_train: 0.1962 acc_train: 0.9531 time: 0.0457s
[2022-06-27 23:51:13,845]iter:0040 loss_train: 0.1804 acc_train: 0.9688 time: 0.0456s
[2022-06-27 23:51:17,048]iter:0060 loss_train: 0.2835 acc_train: 0.9219 time: 0.0461s
[2022-06-27 23:51:20,277]iter:0080 loss_train: 0.2607 acc_train: 0.8750 time: 0.0525s
[2022-06-27 23:51:23,498]iter:0100 loss_train: 0.3187 acc_train: 0.8750 time: 0.0510s
[2022-06-27 23:51:26,716]iter:0120 loss_train: 0.1048 acc_train: 0.9844 time: 0.0507s
[2022-06-27 23:51:29,947]iter:0140 loss_train: 0.4166 acc_train: 0.8750 time: 0.0487s
[2022-06-27 23:51:32,304]this epoch:
loss= 0.1844 accuracy= 0.9452
[2022-06-27 23:51:32,319]Epoch: 0029
[2022-06-27 23:51:35,373]iter:0020 loss_train: 0.1648 acc_train: 0.9531 time: 0.0504s
[2022-06-27 23:51:38,579]iter:0040 loss_train: 0.1108 acc_train: 0.9688 time: 0.0474s
[2022-06-27 23:51:41,825]iter:0060 loss_train: 0.1485 acc_train: 0.9531 time: 0.0512s
[2022-06-27 23:51:45,129]iter:0080 loss_train: 0.1557 acc_train: 0.9531 time: 0.0455s
[2022-06-27 23:51:48,265]iter:0100 loss_train: 0.1440 acc_train: 0.9531 time: 0.0535s
[2022-06-27 23:51:51,388]iter:0120 loss_train: 0.1761 acc_train: 0.9375 time: 0.0458s
[2022-06-27 23:51:54,484]iter:0140 loss_train: 0.1221 acc_train: 0.9844 time: 0.0455s
[2022-06-27 23:51:56,786]this epoch:
loss= 0.1818 accuracy= 0.9456
[2022-06-27 23:51:56,801]Epoch: 0030
[2022-06-27 23:52:00,016]iter:0020 loss_train: 0.2508 acc_train: 0.9375 time: 0.0509s
[2022-06-27 23:52:03,185]iter:0040 loss_train: 0.1599 acc_train: 0.9688 time: 0.0465s
[2022-06-27 23:52:06,368]iter:0060 loss_train: 0.2030 acc_train: 0.9375 time: 0.0463s
[2022-06-27 23:52:09,479]iter:0080 loss_train: 0.2828 acc_train: 0.8750 time: 0.0455s
[2022-06-27 23:52:12,695]iter:0100 loss_train: 0.3131 acc_train: 0.9062 time: 0.0518s
[2022-06-27 23:52:15,924]iter:0120 loss_train: 0.1744 acc_train: 0.9219 time: 0.0465s
[2022-06-27 23:52:19,187]iter:0140 loss_train: 0.2127 acc_train: 0.9531 time: 0.0483s
[2022-06-27 23:52:21,550]this epoch:
loss= 0.1851 accuracy= 0.9447
[2022-06-27 23:52:21,567]Epoch: 0031
[2022-06-27 23:52:24,632]iter:0020 loss_train: 0.1526 acc_train: 0.9688 time: 0.0508s
[2022-06-27 23:52:27,948]iter:0040 loss_train: 0.0824 acc_train: 0.9844 time: 0.0468s
[2022-06-27 23:52:31,125]iter:0060 loss_train: 0.2510 acc_train: 0.9062 time: 0.0457s
[2022-06-27 23:52:34,323]iter:0080 loss_train: 0.1896 acc_train: 0.9531 time: 0.0460s
[2022-06-27 23:52:37,486]iter:0100 loss_train: 0.2126 acc_train: 0.9688 time: 0.0454s
[2022-06-27 23:52:40,679]iter:0120 loss_train: 0.2136 acc_train: 0.9219 time: 0.0465s
[2022-06-27 23:52:43,849]iter:0140 loss_train: 0.2974 acc_train: 0.9062 time: 0.0455s
[2022-06-27 23:52:46,183]this epoch:
loss= 0.1791 accuracy= 0.9449
[2022-06-27 23:52:46,204]Epoch: 0032
[2022-06-27 23:52:49,243]iter:0020 loss_train: 0.1155 acc_train: 0.9688 time: 0.0465s
[2022-06-27 23:52:52,461]iter:0040 loss_train: 0.1953 acc_train: 0.9375 time: 0.0479s
[2022-06-27 23:52:55,666]iter:0060 loss_train: 0.2009 acc_train: 0.9219 time: 0.0471s
[2022-06-27 23:52:58,840]iter:0080 loss_train: 0.3494 acc_train: 0.8438 time: 0.0459s
[2022-06-27 23:53:02,008]iter:0100 loss_train: 0.2347 acc_train: 0.9062 time: 0.0455s
[2022-06-27 23:53:05,199]iter:0120 loss_train: 0.2613 acc_train: 0.9375 time: 0.0464s
[2022-06-27 23:53:08,386]iter:0140 loss_train: 0.2008 acc_train: 0.9219 time: 0.0492s
[2022-06-27 23:53:10,785]this epoch:
loss= 0.1937 accuracy= 0.9385
[2022-06-27 23:53:10,802]Epoch: 0033
[2022-06-27 23:53:13,970]iter:0020 loss_train: 0.1245 acc_train: 0.9531 time: 0.0480s
[2022-06-27 23:53:17,234]iter:0040 loss_train: 0.2370 acc_train: 0.9062 time: 0.0496s
[2022-06-27 23:53:20,509]iter:0060 loss_train: 0.3458 acc_train: 0.8906 time: 0.0479s
[2022-06-27 23:53:23,682]iter:0080 loss_train: 0.1108 acc_train: 0.9688 time: 0.0453s
[2022-06-27 23:53:26,858]iter:0100 loss_train: 0.3288 acc_train: 0.8750 time: 0.0460s
[2022-06-27 23:53:30,092]iter:0120 loss_train: 0.2562 acc_train: 0.9219 time: 0.0529s
[2022-06-27 23:53:33,310]iter:0140 loss_train: 0.2031 acc_train: 0.9219 time: 0.0514s
[2022-06-27 23:53:35,681]this epoch:
loss= 0.1928 accuracy= 0.9381
[2022-06-27 23:53:35,698]Epoch: 0034
[2022-06-27 23:53:38,911]iter:0020 loss_train: 0.1869 acc_train: 0.9531 time: 0.0525s
[2022-06-27 23:53:42,145]iter:0040 loss_train: 0.1538 acc_train: 0.9688 time: 0.0507s
[2022-06-27 23:53:45,394]iter:0060 loss_train: 0.1858 acc_train: 0.9375 time: 0.0481s
[2022-06-27 23:53:48,599]iter:0080 loss_train: 0.1198 acc_train: 0.9688 time: 0.0459s
[2022-06-27 23:53:51,771]iter:0100 loss_train: 0.1796 acc_train: 0.9688 time: 0.0453s
[2022-06-27 23:53:54,980]iter:0120 loss_train: 0.1331 acc_train: 0.9688 time: 0.0477s
[2022-06-27 23:53:58,237]iter:0140 loss_train: 0.1915 acc_train: 0.9219 time: 0.0466s
[2022-06-27 23:54:00,612]this epoch:
loss= 0.1966 accuracy= 0.9392
[2022-06-27 23:54:00,630]Epoch: 0035
[2022-06-27 23:54:03,697]iter:0020 loss_train: 0.1797 acc_train: 0.9375 time: 0.0513s
[2022-06-27 23:54:06,917]iter:0040 loss_train: 0.2360 acc_train: 0.9219 time: 0.0460s
[2022-06-27 23:54:10,165]iter:0060 loss_train: 0.1781 acc_train: 0.9375 time: 0.0496s
[2022-06-27 23:54:13,426]iter:0080 loss_train: 0.1609 acc_train: 0.9844 time: 0.0511s
[2022-06-27 23:54:16,691]iter:0100 loss_train: 0.2232 acc_train: 0.9219 time: 0.0488s
[2022-06-27 23:54:19,949]iter:0120 loss_train: 0.2036 acc_train: 0.9375 time: 0.0525s
[2022-06-27 23:54:23,185]iter:0140 loss_train: 0.2573 acc_train: 0.9219 time: 0.0475s
[2022-06-27 23:54:25,540]this epoch:
loss= 0.1925 accuracy= 0.9383
[2022-06-27 23:54:25,560]Epoch: 0036
[2022-06-27 23:54:28,577]iter:0020 loss_train: 0.1338 acc_train: 0.9688 time: 0.0450s
[2022-06-27 23:54:31,784]iter:0040 loss_train: 0.2859 acc_train: 0.9219 time: 0.0466s
[2022-06-27 23:54:34,998]iter:0060 loss_train: 0.2234 acc_train: 0.9375 time: 0.0513s
[2022-06-27 23:54:38,206]iter:0080 loss_train: 0.2168 acc_train: 0.9375 time: 0.0526s
[2022-06-27 23:54:41,351]iter:0100 loss_train: 0.1696 acc_train: 0.9375 time: 0.0470s
[2022-06-27 23:54:44,546]iter:0120 loss_train: 0.1875 acc_train: 0.9219 time: 0.0467s
[2022-06-27 23:54:47,713]iter:0140 loss_train: 0.2137 acc_train: 0.9375 time: 0.0457s
[2022-06-27 23:54:50,051]this epoch:
loss= 0.1956 accuracy= 0.9393
[2022-06-27 23:54:50,068]Epoch: 0037
[2022-06-27 23:54:53,144]iter:0020 loss_train: 0.1988 acc_train: 0.9531 time: 0.0523s
[2022-06-27 23:54:56,370]iter:0040 loss_train: 0.2485 acc_train: 0.9375 time: 0.0466s
[2022-06-27 23:54:59,590]iter:0060 loss_train: 0.1948 acc_train: 0.9219 time: 0.0516s
[2022-06-27 23:55:02,785]iter:0080 loss_train: 0.2142 acc_train: 0.9375 time: 0.0485s
[2022-06-27 23:55:06,041]iter:0100 loss_train: 0.1566 acc_train: 0.9375 time: 0.0537s
[2022-06-27 23:55:09,265]iter:0120 loss_train: 0.1883 acc_train: 0.9375 time: 0.0455s
[2022-06-27 23:55:12,550]iter:0140 loss_train: 0.1856 acc_train: 0.9375 time: 0.0462s
[2022-06-27 23:55:14,906]this epoch:
loss= 0.2003 accuracy= 0.9358
[2022-06-27 23:55:14,924]Epoch: 0038
[2022-06-27 23:55:17,961]iter:0020 loss_train: 0.2909 acc_train: 0.8906 time: 0.0468s
[2022-06-27 23:55:21,174]iter:0040 loss_train: 0.2142 acc_train: 0.9531 time: 0.0498s
[2022-06-27 23:55:24,464]iter:0060 loss_train: 0.1622 acc_train: 0.9531 time: 0.0507s
[2022-06-27 23:55:27,734]iter:0080 loss_train: 0.3340 acc_train: 0.8750 time: 0.0527s
[2022-06-27 23:55:30,961]iter:0100 loss_train: 0.1887 acc_train: 0.9062 time: 0.0462s
[2022-06-27 23:55:34,170]iter:0120 loss_train: 0.1856 acc_train: 0.9219 time: 0.0478s
[2022-06-27 23:55:37,423]iter:0140 loss_train: 0.1710 acc_train: 0.9688 time: 0.0528s
[2022-06-27 23:55:39,824]this epoch:
loss= 0.1960 accuracy= 0.9388
[2022-06-27 23:55:39,844]Epoch: 0039
[2022-06-27 23:55:42,945]iter:0020 loss_train: 0.1352 acc_train: 0.9688 time: 0.0502s
[2022-06-27 23:55:46,175]iter:0040 loss_train: 0.1264 acc_train: 0.9688 time: 0.0470s
[2022-06-27 23:55:49,366]iter:0060 loss_train: 0.1851 acc_train: 0.9688 time: 0.0460s
[2022-06-27 23:55:52,543]iter:0080 loss_train: 0.2260 acc_train: 0.9219 time: 0.0453s
[2022-06-27 23:55:55,734]iter:0100 loss_train: 0.1513 acc_train: 0.9844 time: 0.0470s
[2022-06-27 23:55:58,915]iter:0120 loss_train: 0.1065 acc_train: 0.9844 time: 0.0454s
[2022-06-27 23:56:02,143]iter:0140 loss_train: 0.3071 acc_train: 0.9062 time: 0.0501s
[2022-06-27 23:56:04,536]this epoch:
loss= 0.1950 accuracy= 0.9371
[2022-06-27 23:56:04,546]Epoch: 0040
[2022-06-27 23:56:07,559]iter:0020 loss_train: 0.1496 acc_train: 0.9688 time: 0.0478s
[2022-06-27 23:56:10,666]iter:0040 loss_train: 0.2522 acc_train: 0.8906 time: 0.0454s
[2022-06-27 23:56:13,830]iter:0060 loss_train: 0.0903 acc_train: 0.9844 time: 0.0451s
[2022-06-27 23:56:17,026]iter:0080 loss_train: 0.1507 acc_train: 0.9219 time: 0.0509s
[2022-06-27 23:56:20,202]iter:0100 loss_train: 0.1584 acc_train: 0.9688 time: 0.0466s
[2022-06-27 23:56:23,449]iter:0120 loss_train: 0.0973 acc_train: 1.0000 time: 0.0510s
[2022-06-27 23:56:26,652]iter:0140 loss_train: 0.2009 acc_train: 0.9375 time: 0.0469s
[2022-06-27 23:56:29,029]this epoch:
loss= 0.1948 accuracy= 0.9402
[2022-06-27 23:56:29,040]Epoch: 0041
[2022-06-27 23:56:32,094]iter:0020 loss_train: 0.1726 acc_train: 0.9688 time: 0.0507s
[2022-06-27 23:56:35,316]iter:0040 loss_train: 0.1609 acc_train: 0.9688 time: 0.0510s
[2022-06-27 23:56:38,570]iter:0060 loss_train: 0.1872 acc_train: 0.9219 time: 0.0529s
[2022-06-27 23:56:41,865]iter:0080 loss_train: 0.1516 acc_train: 0.9375 time: 0.0483s
[2022-06-27 23:56:45,112]iter:0100 loss_train: 0.2317 acc_train: 0.9062 time: 0.0509s
[2022-06-27 23:56:48,333]iter:0120 loss_train: 0.1947 acc_train: 0.9375 time: 0.0515s
[2022-06-27 23:56:51,580]iter:0140 loss_train: 0.1414 acc_train: 0.9688 time: 0.0518s
[2022-06-27 23:56:53,987]this epoch:
loss= 0.1905 accuracy= 0.9433
[2022-06-27 23:56:54,001]Epoch: 0042
[2022-06-27 23:56:57,092]iter:0020 loss_train: 0.1858 acc_train: 0.9375 time: 0.0534s
[2022-06-27 23:57:00,327]iter:0040 loss_train: 0.2019 acc_train: 0.9531 time: 0.0461s
[2022-06-27 23:57:03,517]iter:0060 loss_train: 0.4185 acc_train: 0.8594 time: 0.0463s
[2022-06-27 23:57:06,708]iter:0080 loss_train: 0.1928 acc_train: 0.9688 time: 0.0453s
[2022-06-27 23:57:09,935]iter:0100 loss_train: 0.2621 acc_train: 0.9062 time: 0.0498s
[2022-06-27 23:57:13,225]iter:0120 loss_train: 0.2084 acc_train: 0.9219 time: 0.0532s
[2022-06-27 23:57:16,483]iter:0140 loss_train: 0.1396 acc_train: 0.9531 time: 0.0492s
[2022-06-27 23:57:18,829]this epoch:
loss= 0.1949 accuracy= 0.9390
[2022-06-27 23:57:18,843]Epoch: 0043
[2022-06-27 23:57:21,937]iter:0020 loss_train: 0.1980 acc_train: 0.9375 time: 0.0500s
[2022-06-27 23:57:25,187]iter:0040 loss_train: 0.1482 acc_train: 0.9531 time: 0.0526s
[2022-06-27 23:57:28,403]iter:0060 loss_train: 0.2195 acc_train: 0.9219 time: 0.0468s
[2022-06-27 23:57:31,622]iter:0080 loss_train: 0.1378 acc_train: 0.9688 time: 0.0474s
[2022-06-27 23:57:34,858]iter:0100 loss_train: 0.2451 acc_train: 0.9062 time: 0.0529s
[2022-06-27 23:57:38,132]iter:0120 loss_train: 0.2035 acc_train: 0.9062 time: 0.0531s
[2022-06-27 23:57:41,369]iter:0140 loss_train: 0.2014 acc_train: 0.9219 time: 0.0488s
[2022-06-27 23:57:43,680]this epoch:
loss= 0.1932 accuracy= 0.9376
[2022-06-27 23:57:43,694]Epoch: 0044
[2022-06-27 23:57:46,645]iter:0020 loss_train: 0.1932 acc_train: 0.9219 time: 0.0465s
[2022-06-27 23:57:49,796]iter:0040 loss_train: 0.1726 acc_train: 0.9375 time: 0.0464s
[2022-06-27 23:57:52,908]iter:0060 loss_train: 0.3125 acc_train: 0.8750 time: 0.0456s
[2022-06-27 23:57:56,053]iter:0080 loss_train: 0.1799 acc_train: 0.9531 time: 0.0498s
[2022-06-27 23:57:59,173]iter:0100 loss_train: 0.1834 acc_train: 0.9531 time: 0.0454s
[2022-06-27 23:58:02,275]iter:0120 loss_train: 0.1535 acc_train: 0.9688 time: 0.0455s
[2022-06-27 23:58:05,476]iter:0140 loss_train: 0.3818 acc_train: 0.9062 time: 0.0503s
[2022-06-27 23:58:07,844]this epoch:
loss= 0.1915 accuracy= 0.9408
[2022-06-27 23:58:07,863]Epoch: 0045
[2022-06-27 23:58:10,914]iter:0020 loss_train: 0.1398 acc_train: 0.9688 time: 0.0467s
[2022-06-27 23:58:14,131]iter:0040 loss_train: 0.0986 acc_train: 0.9844 time: 0.0476s
[2022-06-27 23:58:17,446]iter:0060 loss_train: 0.2128 acc_train: 0.9375 time: 0.0501s
[2022-06-27 23:58:20,594]iter:0080 loss_train: 0.1514 acc_train: 0.9844 time: 0.0469s
[2022-06-27 23:58:23,786]iter:0100 loss_train: 0.2269 acc_train: 0.9688 time: 0.0528s
[2022-06-27 23:58:27,036]iter:0120 loss_train: 0.2821 acc_train: 0.9375 time: 0.0469s
[2022-06-27 23:58:30,278]iter:0140 loss_train: 0.2347 acc_train: 0.9219 time: 0.0518s
[2022-06-27 23:58:32,705]this epoch:
loss= 0.1958 accuracy= 0.9424
[2022-06-27 23:58:32,726]Epoch: 0046
[2022-06-27 23:58:35,751]iter:0020 loss_train: 0.1248 acc_train: 0.9531 time: 0.0482s
[2022-06-27 23:58:38,903]iter:0040 loss_train: 0.1597 acc_train: 0.9688 time: 0.0455s
[2022-06-27 23:58:42,017]iter:0060 loss_train: 0.3517 acc_train: 0.8906 time: 0.0481s
[2022-06-27 23:58:45,168]iter:0080 loss_train: 0.2408 acc_train: 0.9375 time: 0.0461s
[2022-06-27 23:58:48,416]iter:0100 loss_train: 0.0727 acc_train: 0.9844 time: 0.0514s
[2022-06-27 23:58:51,672]iter:0120 loss_train: 0.1696 acc_train: 0.9688 time: 0.0487s
[2022-06-27 23:58:54,867]iter:0140 loss_train: 0.3165 acc_train: 0.9062 time: 0.0460s
[2022-06-27 23:58:57,234]this epoch:
loss= 0.1963 accuracy= 0.9396
[2022-06-27 23:58:57,253]Epoch: 0047
[2022-06-27 23:59:00,444]iter:0020 loss_train: 0.1827 acc_train: 0.9219 time: 0.0499s
[2022-06-27 23:59:03,611]iter:0040 loss_train: 0.1638 acc_train: 0.9531 time: 0.0459s
[2022-06-27 23:59:06,844]iter:0060 loss_train: 0.1899 acc_train: 0.9688 time: 0.0521s
[2022-06-27 23:59:10,115]iter:0080 loss_train: 0.1742 acc_train: 0.9688 time: 0.0483s
[2022-06-27 23:59:13,329]iter:0100 loss_train: 0.1918 acc_train: 0.9531 time: 0.0455s
[2022-06-27 23:59:16,568]iter:0120 loss_train: 0.1867 acc_train: 0.9062 time: 0.0492s
[2022-06-27 23:59:19,827]iter:0140 loss_train: 0.1799 acc_train: 0.9375 time: 0.0459s
[2022-06-27 23:59:22,157]this epoch:
loss= 0.1960 accuracy= 0.9391
[2022-06-27 23:59:22,178]Epoch: 0048
[2022-06-27 23:59:25,145]iter:0020 loss_train: 0.1125 acc_train: 0.9688 time: 0.0467s
[2022-06-27 23:59:28,274]iter:0040 loss_train: 0.2817 acc_train: 0.9219 time: 0.0457s
[2022-06-27 23:59:31,459]iter:0060 loss_train: 0.3182 acc_train: 0.9219 time: 0.0465s
[2022-06-27 23:59:34,717]iter:0080 loss_train: 0.3323 acc_train: 0.9062 time: 0.0504s
[2022-06-27 23:59:37,913]iter:0100 loss_train: 0.2542 acc_train: 0.9219 time: 0.0458s
[2022-06-27 23:59:41,124]iter:0120 loss_train: 0.0977 acc_train: 1.0000 time: 0.0466s
[2022-06-27 23:59:44,319]iter:0140 loss_train: 0.2836 acc_train: 0.8750 time: 0.0466s
[2022-06-27 23:59:46,659]this epoch:
loss= 0.1965 accuracy= 0.9389
[2022-06-27 23:59:46,680]Epoch: 0049
[2022-06-27 23:59:49,702]iter:0020 loss_train: 0.1353 acc_train: 0.9688 time: 0.0458s
[2022-06-27 23:59:52,948]iter:0040 loss_train: 0.2371 acc_train: 0.9062 time: 0.0529s
[2022-06-27 23:59:56,220]iter:0060 loss_train: 0.1203 acc_train: 0.9531 time: 0.0512s
[2022-06-27 23:59:59,428]iter:0080 loss_train: 0.0924 acc_train: 0.9844 time: 0.0509s
[2022-06-28 00:00:02,675]iter:0100 loss_train: 0.2137 acc_train: 0.9531 time: 0.0527s
[2022-06-28 00:00:05,897]iter:0120 loss_train: 0.1936 acc_train: 0.9688 time: 0.0465s
[2022-06-28 00:00:09,274]iter:0140 loss_train: 0.1268 acc_train: 0.9531 time: 0.0509s
[2022-06-28 00:00:11,674]this epoch:
loss= 0.1936 accuracy= 0.9380
[2022-06-28 00:00:11,695]Epoch: 0050
[2022-06-28 00:00:14,775]iter:0020 loss_train: 0.0952 acc_train: 0.9844 time: 0.0490s
[2022-06-28 00:00:17,923]iter:0040 loss_train: 0.1354 acc_train: 0.9531 time: 0.0462s
[2022-06-28 00:00:21,094]iter:0060 loss_train: 0.2208 acc_train: 0.9219 time: 0.0474s
[2022-06-28 00:00:24,255]iter:0080 loss_train: 0.0892 acc_train: 0.9844 time: 0.0471s
[2022-06-28 00:00:27,461]iter:0100 loss_train: 0.1851 acc_train: 0.9375 time: 0.0498s
[2022-06-28 00:00:30,707]iter:0120 loss_train: 0.1586 acc_train: 0.9375 time: 0.0528s
[2022-06-28 00:00:33,942]iter:0140 loss_train: 0.1712 acc_train: 0.9219 time: 0.0499s
[2022-06-28 00:00:36,318]this epoch:
loss= 0.1957 accuracy= 0.9407
[2022-06-28 00:00:36,334]Epoch: 0051
[2022-06-28 00:00:39,436]iter:0020 loss_train: 0.2025 acc_train: 0.9688 time: 0.0533s
[2022-06-28 00:00:42,708]iter:0040 loss_train: 0.1977 acc_train: 0.9375 time: 0.0526s
[2022-06-28 00:00:45,969]iter:0060 loss_train: 0.2237 acc_train: 0.9531 time: 0.0477s
[2022-06-28 00:00:49,164]iter:0080 loss_train: 0.2790 acc_train: 0.9062 time: 0.0468s
[2022-06-28 00:00:52,509]iter:0100 loss_train: 0.1841 acc_train: 0.9375 time: 0.0497s
[2022-06-28 00:00:55,766]iter:0120 loss_train: 0.1897 acc_train: 0.9219 time: 0.0511s
[2022-06-28 00:00:58,986]iter:0140 loss_train: 0.1550 acc_train: 0.9688 time: 0.0460s
[2022-06-28 00:01:01,335]this epoch:
loss= 0.1990 accuracy= 0.9388
[2022-06-28 00:01:01,355]Epoch: 0052
[2022-06-28 00:01:04,391]iter:0020 loss_train: 0.1870 acc_train: 0.9531 time: 0.0489s
[2022-06-28 00:01:07,655]iter:0040 loss_train: 0.1757 acc_train: 0.9219 time: 0.0525s
[2022-06-28 00:01:10,994]iter:0060 loss_train: 0.3686 acc_train: 0.8906 time: 0.0483s
[2022-06-28 00:01:14,255]iter:0080 loss_train: 0.1199 acc_train: 0.9688 time: 0.0461s
[2022-06-28 00:01:17,474]iter:0100 loss_train: 0.1458 acc_train: 0.9531 time: 0.0504s
[2022-06-28 00:01:20,709]iter:0120 loss_train: 0.1141 acc_train: 0.9688 time: 0.0473s
[2022-06-28 00:01:23,958]iter:0140 loss_train: 0.2424 acc_train: 0.9219 time: 0.0480s
[2022-06-28 00:01:26,355]this epoch:
loss= 0.1962 accuracy= 0.9395
[2022-06-28 00:01:26,375]Epoch: 0053
[2022-06-28 00:01:29,488]iter:0020 loss_train: 0.1358 acc_train: 0.9688 time: 0.0486s
[2022-06-28 00:01:32,740]iter:0040 loss_train: 0.2814 acc_train: 0.8906 time: 0.0498s
[2022-06-28 00:01:36,010]iter:0060 loss_train: 0.1230 acc_train: 0.9688 time: 0.0499s
[2022-06-28 00:01:39,209]iter:0080 loss_train: 0.1714 acc_train: 0.9375 time: 0.0463s
[2022-06-28 00:01:42,438]iter:0100 loss_train: 0.1788 acc_train: 0.9219 time: 0.0477s
[2022-06-28 00:01:45,645]iter:0120 loss_train: 0.2667 acc_train: 0.9062 time: 0.0479s
[2022-06-28 00:01:48,846]iter:0140 loss_train: 0.2151 acc_train: 0.9219 time: 0.0459s
[2022-06-28 00:01:51,285]this epoch:
loss= 0.1970 accuracy= 0.9382
[2022-06-28 00:01:51,303]Epoch: 0054
[2022-06-28 00:01:54,387]iter:0020 loss_train: 0.1547 acc_train: 0.9688 time: 0.0478s
[2022-06-28 00:01:57,598]iter:0040 loss_train: 0.1113 acc_train: 0.9531 time: 0.0461s
[2022-06-28 00:02:00,837]iter:0060 loss_train: 0.1814 acc_train: 0.9688 time: 0.0460s
[2022-06-28 00:02:04,115]iter:0080 loss_train: 0.2208 acc_train: 0.9219 time: 0.0468s
[2022-06-28 00:02:07,242]iter:0100 loss_train: 0.1412 acc_train: 0.9688 time: 0.0468s
[2022-06-28 00:02:10,444]iter:0120 loss_train: 0.2038 acc_train: 0.9688 time: 0.0467s
[2022-06-28 00:02:13,643]iter:0140 loss_train: 0.1133 acc_train: 0.9688 time: 0.0465s
[2022-06-28 00:02:15,994]this epoch:
loss= 0.1970 accuracy= 0.9402
[2022-06-28 00:02:16,012]Epoch: 0055
[2022-06-28 00:02:19,111]iter:0020 loss_train: 0.1683 acc_train: 0.9688 time: 0.0504s
[2022-06-28 00:02:22,351]iter:0040 loss_train: 0.2894 acc_train: 0.9375 time: 0.0491s
[2022-06-28 00:02:25,574]iter:0060 loss_train: 0.1415 acc_train: 0.9688 time: 0.0509s
[2022-06-28 00:02:28,801]iter:0080 loss_train: 0.1910 acc_train: 0.9062 time: 0.0480s
[2022-06-28 00:02:32,178]iter:0100 loss_train: 0.2028 acc_train: 0.9219 time: 0.0501s
[2022-06-28 00:02:35,411]iter:0120 loss_train: 0.1879 acc_train: 0.9531 time: 0.0459s
[2022-06-28 00:02:38,513]iter:0140 loss_train: 0.1861 acc_train: 0.9531 time: 0.0453s
[2022-06-28 00:02:40,807]this epoch:
loss= 0.1984 accuracy= 0.9377
[2022-06-28 00:02:40,821]Epoch: 0056
[2022-06-28 00:02:43,839]iter:0020 loss_train: 0.1885 acc_train: 0.9531 time: 0.0459s
[2022-06-28 00:02:47,026]iter:0040 loss_train: 0.2103 acc_train: 0.9531 time: 0.0470s
[2022-06-28 00:02:50,272]iter:0060 loss_train: 0.2743 acc_train: 0.9219 time: 0.0507s
[2022-06-28 00:02:53,469]iter:0080 loss_train: 0.2343 acc_train: 0.9375 time: 0.0467s
[2022-06-28 00:02:56,681]iter:0100 loss_train: 0.1410 acc_train: 0.9688 time: 0.0470s
[2022-06-28 00:02:59,871]iter:0120 loss_train: 0.0686 acc_train: 0.9844 time: 0.0477s
[2022-06-28 00:03:03,054]iter:0140 loss_train: 0.1201 acc_train: 0.9688 time: 0.0495s
[2022-06-28 00:03:05,438]this epoch:
loss= 0.1914 accuracy= 0.9429
[2022-06-28 00:03:05,448]Epoch: 0057
[2022-06-28 00:03:08,529]iter:0020 loss_train: 0.1378 acc_train: 0.9688 time: 0.0482s
[2022-06-28 00:03:11,758]iter:0040 loss_train: 0.2697 acc_train: 0.9062 time: 0.0501s
[2022-06-28 00:03:14,993]iter:0060 loss_train: 0.2656 acc_train: 0.8750 time: 0.0509s
[2022-06-28 00:03:18,192]iter:0080 loss_train: 0.3178 acc_train: 0.8906 time: 0.0464s
[2022-06-28 00:03:21,369]iter:0100 loss_train: 0.1322 acc_train: 0.9844 time: 0.0457s
[2022-06-28 00:03:24,559]iter:0120 loss_train: 0.1754 acc_train: 0.9531 time: 0.0472s
[2022-06-28 00:03:27,794]iter:0140 loss_train: 0.2815 acc_train: 0.9219 time: 0.0520s
[2022-06-28 00:03:30,285]this epoch:
loss= 0.1980 accuracy= 0.9381
[2022-06-28 00:03:30,300]Epoch: 0058
[2022-06-28 00:03:33,376]iter:0020 loss_train: 0.2874 acc_train: 0.9062 time: 0.0479s
[2022-06-28 00:03:36,629]iter:0040 loss_train: 0.1999 acc_train: 0.9531 time: 0.0489s
[2022-06-28 00:03:39,835]iter:0060 loss_train: 0.1759 acc_train: 0.9375 time: 0.0460s
[2022-06-28 00:03:43,089]iter:0080 loss_train: 0.2338 acc_train: 0.9219 time: 0.0507s
[2022-06-28 00:03:46,317]iter:0100 loss_train: 0.2048 acc_train: 0.9375 time: 0.0468s
[2022-06-28 00:03:49,481]iter:0120 loss_train: 0.3240 acc_train: 0.8438 time: 0.0455s
[2022-06-28 00:03:52,664]iter:0140 loss_train: 0.2176 acc_train: 0.9375 time: 0.0477s
[2022-06-28 00:03:54,975]this epoch:
loss= 0.1954 accuracy= 0.9377
[2022-06-28 00:03:54,985]Epoch: 0059
[2022-06-28 00:03:57,995]iter:0020 loss_train: 0.1755 acc_train: 0.9531 time: 0.0486s
[2022-06-28 00:04:01,216]iter:0040 loss_train: 0.1852 acc_train: 0.9531 time: 0.0491s
[2022-06-28 00:04:04,447]iter:0060 loss_train: 0.1970 acc_train: 0.9219 time: 0.0509s
[2022-06-28 00:04:07,670]iter:0080 loss_train: 0.1840 acc_train: 0.9531 time: 0.0506s
[2022-06-28 00:04:10,904]iter:0100 loss_train: 0.1587 acc_train: 0.9375 time: 0.0525s
[2022-06-28 00:04:14,117]iter:0120 loss_train: 0.1082 acc_train: 0.9688 time: 0.0469s
[2022-06-28 00:04:17,350]iter:0140 loss_train: 0.1972 acc_train: 0.9531 time: 0.0525s
[2022-06-28 00:04:19,745]this epoch:
loss= 0.1935 accuracy= 0.9401
[2022-06-28 00:04:19,759]Epoch: 0060
[2022-06-28 00:04:22,830]iter:0020 loss_train: 0.1338 acc_train: 0.9688 time: 0.0466s
[2022-06-28 00:04:26,139]iter:0040 loss_train: 0.2115 acc_train: 0.9219 time: 0.0507s
[2022-06-28 00:04:29,371]iter:0060 loss_train: 0.2326 acc_train: 0.9375 time: 0.0465s
[2022-06-28 00:04:32,579]iter:0080 loss_train: 0.3202 acc_train: 0.9219 time: 0.0487s
[2022-06-28 00:04:35,833]iter:0100 loss_train: 0.0919 acc_train: 0.9688 time: 0.0493s
[2022-06-28 00:04:39,050]iter:0120 loss_train: 0.1403 acc_train: 0.9375 time: 0.0466s
[2022-06-28 00:04:42,266]iter:0140 loss_train: 0.1749 acc_train: 0.9219 time: 0.0520s
[2022-06-28 00:04:44,645]this epoch:
loss= 0.2000 accuracy= 0.9387
[2022-06-28 00:04:44,659]Optimization Finished!
[2022-06-28 00:04:44,659]Total time elapsed: 1484.8865s
[2022-06-28 00:04:44,659]the best accuarcy is 0.9555
[2022-06-28 00:04:45,560]Test set results: loss= 0.3720 accuracy= 0.8874
[2022-06-28 00:07:56,166]test model saved at :../best_model/model_pnet.pt
[2022-06-28 00:07:57,261]Test set results: loss= 0.3701 accuracy= 0.8910
